TN:s21_containers_test
SF:/home/sonikxx/Desktop/s21/CPP/CPP2_s21_containers-1/src/s21_list/list_node.tpp
FN:9,_ZN8ListNodeINSt7__cxx1112basic_stringIcSt11char_traitsIcESaIcEEEEC2ES5_
FNDA:5,_ZN8ListNodeINSt7__cxx1112basic_stringIcSt11char_traitsIcESaIcEEEEC2ES5_
FN:9,_ZN8ListNodeIiEC2Ei
FNDA:212,_ZN8ListNodeIiEC2Ei
DA:9,5
DA:9,212
end_of_record
SF:/home/sonikxx/Desktop/s21/CPP/CPP2_s21_containers-1/src/s21_list/s21_list_iterators.tpp
FN:6,_ZN3s214ListIiE12ListIteratorC2EP8ListNodeIiE
FNDA:16,_ZN3s214ListIiE12ListIteratorC2EP8ListNodeIiE
FN:11,_ZN3s214ListIiE12ListIteratordeEv
FNDA:4,_ZN3s214ListIiE12ListIteratordeEv
FN:16,_ZN3s214ListIiE12ListIteratorppEv
FNDA:1,_ZN3s214ListIiE12ListIteratorppEv
FN:22,_ZN3s214ListIiE12ListIteratormmEv
FNDA:1,_ZN3s214ListIiE12ListIteratormmEv
FN:28,_ZN3s214ListIiE12ListIteratoreqERKS2_
FNDA:1,_ZN3s214ListIiE12ListIteratoreqERKS2_
FN:33,_ZN3s214ListIiE12ListIteratorneERKS2_
FNDA:1,_ZN3s214ListIiE12ListIteratorneERKS2_
FN:38,_ZN3s214ListIiE17ListConstIteratorC2EPK8ListNodeIiE
FNDA:3,_ZN3s214ListIiE17ListConstIteratorC2EPK8ListNodeIiE
FN:42,_ZN3s214ListIiE17ListConstIteratordeEv
FNDA:4,_ZN3s214ListIiE17ListConstIteratordeEv
FN:47,_ZN3s214ListIiE17ListConstIteratorppEv
FNDA:1,_ZN3s214ListIiE17ListConstIteratorppEv
FN:53,_ZN3s214ListIiE17ListConstIteratormmEv
FNDA:1,_ZN3s214ListIiE17ListConstIteratormmEv
FN:59,_ZNK3s214ListIiE17ListConstIteratoreqERKS2_
FNDA:1,_ZNK3s214ListIiE17ListConstIteratoreqERKS2_
FN:65,_ZNK3s214ListIiE17ListConstIteratorneERKS2_
FNDA:1,_ZNK3s214ListIiE17ListConstIteratorneERKS2_
DA:6,16
DA:7,16
DA:8,16
DA:11,4
DA:12,4
DA:16,1
DA:17,1
DA:18,1
DA:22,1
DA:23,1
DA:24,1
DA:28,1
DA:29,1
DA:33,1
DA:34,1
DA:38,3
DA:39,3
DA:42,4
DA:43,4
DA:47,1
DA:48,1
DA:49,1
DA:53,1
DA:54,1
DA:55,1
DA:59,1
DA:61,1
DA:65,1
DA:67,1
end_of_record
SF:/home/sonikxx/Desktop/s21/CPP/CPP2_s21_containers-1/src/tests/s21_list_test.cpp
FN:8,_ZN28List_DefaultConstructor_TestC2Ev
FNDA:1,_ZN28List_DefaultConstructor_TestC2Ev
FN:8,_ZN28List_DefaultConstructor_Test8TestBodyEv
FNDA:1,_ZN28List_DefaultConstructor_Test8TestBodyEv
FN:8,_ZN28List_DefaultConstructor_TestD2Ev
FNDA:1,_ZN28List_DefaultConstructor_TestD2Ev
FN:8,_ZN28List_DefaultConstructor_TestD0Ev
FNDA:1,_ZN28List_DefaultConstructor_TestD0Ev
FN:13,_ZN26List_SizedConstructor_TestC2Ev
FNDA:1,_ZN26List_SizedConstructor_TestC2Ev
FN:13,_ZN26List_SizedConstructor_Test8TestBodyEv
FNDA:1,_ZN26List_SizedConstructor_Test8TestBodyEv
FN:13,_ZN26List_SizedConstructor_TestD2Ev
FNDA:1,_ZN26List_SizedConstructor_TestD2Ev
FN:13,_ZN26List_SizedConstructor_TestD0Ev
FNDA:1,_ZN26List_SizedConstructor_TestD0Ev
FN:22,_ZN25List_CopyConstructor_TestC2Ev
FNDA:1,_ZN25List_CopyConstructor_TestC2Ev
FN:22,_ZN25List_CopyConstructor_Test8TestBodyEv
FNDA:1,_ZN25List_CopyConstructor_Test8TestBodyEv
FN:22,_ZN25List_CopyConstructor_TestD0Ev
FNDA:1,_ZN25List_CopyConstructor_TestD0Ev
FN:22,_ZN25List_CopyConstructor_TestD2Ev
FNDA:1,_ZN25List_CopyConstructor_TestD2Ev
FN:28,_ZN25List_MoveConstructor_TestC2Ev
FNDA:1,_ZN25List_MoveConstructor_TestC2Ev
FN:28,_ZN25List_MoveConstructor_Test8TestBodyEv
FNDA:1,_ZN25List_MoveConstructor_Test8TestBodyEv
FN:28,_ZN25List_MoveConstructor_TestD0Ev
FNDA:1,_ZN25List_MoveConstructor_TestD0Ev
FN:28,_ZN25List_MoveConstructor_TestD2Ev
FNDA:1,_ZN25List_MoveConstructor_TestD2Ev
FN:34,_ZN24List_CopyAssignment_TestC2Ev
FNDA:1,_ZN24List_CopyAssignment_TestC2Ev
FN:34,_ZN24List_CopyAssignment_Test8TestBodyEv
FNDA:1,_ZN24List_CopyAssignment_Test8TestBodyEv
FN:34,_ZN24List_CopyAssignment_TestD2Ev
FNDA:1,_ZN24List_CopyAssignment_TestD2Ev
FN:34,_ZN24List_CopyAssignment_TestD0Ev
FNDA:1,_ZN24List_CopyAssignment_TestD0Ev
FN:46,_ZN24List_MoveAssignment_TestD2Ev
FNDA:1,_ZN24List_MoveAssignment_TestD2Ev
FN:46,_ZN24List_MoveAssignment_TestD0Ev
FNDA:1,_ZN24List_MoveAssignment_TestD0Ev
FN:46,_ZN24List_MoveAssignment_Test8TestBodyEv
FNDA:1,_ZN24List_MoveAssignment_Test8TestBodyEv
FN:46,_ZN24List_MoveAssignment_TestC2Ev
FNDA:1,_ZN24List_MoveAssignment_TestC2Ev
FN:53,_ZN25list_InitializerList_TestC2Ev
FNDA:1,_ZN25list_InitializerList_TestC2Ev
FN:53,_ZN25list_InitializerList_TestD2Ev
FNDA:1,_ZN25list_InitializerList_TestD2Ev
FN:53,_ZN25list_InitializerList_Test8TestBodyEv
FNDA:1,_ZN25list_InitializerList_Test8TestBodyEv
FN:53,_ZN25list_InitializerList_TestD0Ev
FNDA:1,_ZN25list_InitializerList_TestD0Ev
FN:63,_ZN22List_FrontElement_TestD2Ev
FNDA:1,_ZN22List_FrontElement_TestD2Ev
FN:63,_ZN22List_FrontElement_TestC2Ev
FNDA:1,_ZN22List_FrontElement_TestC2Ev
FN:63,_ZN22List_FrontElement_TestD0Ev
FNDA:1,_ZN22List_FrontElement_TestD0Ev
FN:63,_ZN22List_FrontElement_Test8TestBodyEv
FNDA:1,_ZN22List_FrontElement_Test8TestBodyEv
FN:71,_ZN21List_BackElement_TestD0Ev
FNDA:1,_ZN21List_BackElement_TestD0Ev
FN:71,_ZN21List_BackElement_TestD2Ev
FNDA:1,_ZN21List_BackElement_TestD2Ev
FN:71,_ZN21List_BackElement_Test8TestBodyEv
FNDA:1,_ZN21List_BackElement_Test8TestBodyEv
FN:71,_ZN21List_BackElement_TestC2Ev
FNDA:1,_ZN21List_BackElement_TestC2Ev
FN:79,_ZN21List_IsEmptyList_TestC2Ev
FNDA:1,_ZN21List_IsEmptyList_TestC2Ev
FN:79,_ZN21List_IsEmptyList_TestD0Ev
FNDA:1,_ZN21List_IsEmptyList_TestD0Ev
FN:79,_ZN21List_IsEmptyList_TestD2Ev
FNDA:1,_ZN21List_IsEmptyList_TestD2Ev
FN:79,_ZN21List_IsEmptyList_Test8TestBodyEv
FNDA:1,_ZN21List_IsEmptyList_Test8TestBodyEv
FN:86,_ZN18List_SizeList_TestC2Ev
FNDA:1,_ZN18List_SizeList_TestC2Ev
FN:86,_ZN18List_SizeList_Test8TestBodyEv
FNDA:1,_ZN18List_SizeList_Test8TestBodyEv
FN:86,_ZN18List_SizeList_TestD0Ev
FNDA:1,_ZN18List_SizeList_TestD0Ev
FN:86,_ZN18List_SizeList_TestD2Ev
FNDA:1,_ZN18List_SizeList_TestD2Ev
FN:91,_ZN21List_MaxSizeList_TestC2Ev
FNDA:1,_ZN21List_MaxSizeList_TestC2Ev
FN:91,_ZN21List_MaxSizeList_Test8TestBodyEv
FNDA:1,_ZN21List_MaxSizeList_Test8TestBodyEv
FN:91,_ZN21List_MaxSizeList_TestD2Ev
FNDA:1,_ZN21List_MaxSizeList_TestD2Ev
FN:91,_ZN21List_MaxSizeList_TestD0Ev
FNDA:1,_ZN21List_MaxSizeList_TestD0Ev
FN:96,_ZN19List_ClearList_TestD0Ev
FNDA:1,_ZN19List_ClearList_TestD0Ev
FN:96,_ZN19List_ClearList_TestD2Ev
FNDA:1,_ZN19List_ClearList_TestD2Ev
FN:96,_ZN19List_ClearList_Test8TestBodyEv
FNDA:1,_ZN19List_ClearList_Test8TestBodyEv
FN:96,_ZN19List_ClearList_TestC2Ev
FNDA:1,_ZN19List_ClearList_TestC2Ev
FN:102,_ZN20List_InsertList_Test8TestBodyEv
FNDA:1,_ZN20List_InsertList_Test8TestBodyEv
FN:102,_ZN20List_InsertList_TestD0Ev
FNDA:1,_ZN20List_InsertList_TestD0Ev
FN:102,_ZN20List_InsertList_TestD2Ev
FNDA:1,_ZN20List_InsertList_TestD2Ev
FN:102,_ZN20List_InsertList_TestC2Ev
FNDA:1,_ZN20List_InsertList_TestC2Ev
FN:113,_ZN19List_EraseList_TestD0Ev
FNDA:1,_ZN19List_EraseList_TestD0Ev
FN:113,_ZN19List_EraseList_TestD2Ev
FNDA:1,_ZN19List_EraseList_TestD2Ev
FN:113,_ZN19List_EraseList_Test8TestBodyEv
FNDA:1,_ZN19List_EraseList_Test8TestBodyEv
FN:113,_ZN19List_EraseList_TestC2Ev
FNDA:1,_ZN19List_EraseList_TestC2Ev
FN:123,_ZN22List_PushBackList_Test8TestBodyEv
FNDA:1,_ZN22List_PushBackList_Test8TestBodyEv
FN:123,_ZN22List_PushBackList_TestC2Ev
FNDA:1,_ZN22List_PushBackList_TestC2Ev
FN:123,_ZN22List_PushBackList_TestD0Ev
FNDA:1,_ZN22List_PushBackList_TestD0Ev
FN:123,_ZN22List_PushBackList_TestD2Ev
FNDA:1,_ZN22List_PushBackList_TestD2Ev
FN:129,_ZN23List_PushFrontList_Test8TestBodyEv
FNDA:1,_ZN23List_PushFrontList_Test8TestBodyEv
FN:129,_ZN23List_PushFrontList_TestC2Ev
FNDA:1,_ZN23List_PushFrontList_TestC2Ev
FN:129,_ZN23List_PushFrontList_TestD0Ev
FNDA:1,_ZN23List_PushFrontList_TestD0Ev
FN:129,_ZN23List_PushFrontList_TestD2Ev
FNDA:1,_ZN23List_PushFrontList_TestD2Ev
FN:139,_ZN21List_PopBackList_TestD2Ev
FNDA:1,_ZN21List_PopBackList_TestD2Ev
FN:139,_ZN21List_PopBackList_Test8TestBodyEv
FNDA:1,_ZN21List_PopBackList_Test8TestBodyEv
FN:139,_ZN21List_PopBackList_TestC2Ev
FNDA:1,_ZN21List_PopBackList_TestC2Ev
FN:139,_ZN21List_PopBackList_TestD0Ev
FNDA:1,_ZN21List_PopBackList_TestD0Ev
FN:153,_ZN22List_PopFrontList_TestD0Ev
FNDA:1,_ZN22List_PopFrontList_TestD0Ev
FN:153,_ZN22List_PopFrontList_Test8TestBodyEv
FNDA:1,_ZN22List_PopFrontList_Test8TestBodyEv
FN:153,_ZN22List_PopFrontList_TestC2Ev
FNDA:1,_ZN22List_PopFrontList_TestC2Ev
FN:153,_ZN22List_PopFrontList_TestD2Ev
FNDA:1,_ZN22List_PopFrontList_TestD2Ev
FN:167,_ZN18List_SwapList_TestC2Ev
FNDA:1,_ZN18List_SwapList_TestC2Ev
FN:167,_ZN18List_SwapList_TestD0Ev
FNDA:1,_ZN18List_SwapList_TestD0Ev
FN:167,_ZN18List_SwapList_TestD2Ev
FNDA:1,_ZN18List_SwapList_TestD2Ev
FN:167,_ZN18List_SwapList_Test8TestBodyEv
FNDA:1,_ZN18List_SwapList_Test8TestBodyEv
FN:175,_ZN19List_MergeList_TestD2Ev
FNDA:1,_ZN19List_MergeList_TestD2Ev
FN:175,_ZN19List_MergeList_TestD0Ev
FNDA:1,_ZN19List_MergeList_TestD0Ev
FN:175,_ZN19List_MergeList_TestC2Ev
FNDA:1,_ZN19List_MergeList_TestC2Ev
FN:175,_ZN19List_MergeList_Test8TestBodyEv
FNDA:1,_ZN19List_MergeList_Test8TestBodyEv
FN:191,_ZN20List_SpliceList_TestD2Ev
FNDA:1,_ZN20List_SpliceList_TestD2Ev
FN:191,_ZN20List_SpliceList_TestD0Ev
FNDA:1,_ZN20List_SpliceList_TestD0Ev
FN:191,_ZN20List_SpliceList_TestC2Ev
FNDA:1,_ZN20List_SpliceList_TestC2Ev
FN:191,_ZN20List_SpliceList_Test8TestBodyEv
FNDA:1,_ZN20List_SpliceList_Test8TestBodyEv
FN:207,_ZN21List_ReverseList_TestD0Ev
FNDA:1,_ZN21List_ReverseList_TestD0Ev
FN:207,_ZN21List_ReverseList_Test8TestBodyEv
FNDA:1,_ZN21List_ReverseList_Test8TestBodyEv
FN:207,_ZN21List_ReverseList_TestC2Ev
FNDA:1,_ZN21List_ReverseList_TestC2Ev
FN:207,_ZN21List_ReverseList_TestD2Ev
FNDA:1,_ZN21List_ReverseList_TestD2Ev
FN:214,_ZN20List_UniqueList_TestD2Ev
FNDA:1,_ZN20List_UniqueList_TestD2Ev
FN:214,_ZN20List_UniqueList_Test8TestBodyEv
FNDA:1,_ZN20List_UniqueList_Test8TestBodyEv
FN:214,_ZN20List_UniqueList_TestD0Ev
FNDA:1,_ZN20List_UniqueList_TestD0Ev
FN:214,_ZN20List_UniqueList_TestC2Ev
FNDA:1,_ZN20List_UniqueList_TestC2Ev
FN:221,_ZN18List_SortList_Test8TestBodyEv
FNDA:1,_ZN18List_SortList_Test8TestBodyEv
FN:221,_ZN18List_SortList_TestD2Ev
FNDA:1,_ZN18List_SortList_TestD2Ev
FN:221,_ZN18List_SortList_TestD0Ev
FNDA:1,_ZN18List_SortList_TestD0Ev
FN:221,_ZN18List_SortList_TestC2Ev
FNDA:1,_ZN18List_SortList_TestC2Ev
FN:228,_ZN27List_ConstIteratorList_Test8TestBodyEv
FNDA:1,_ZN27List_ConstIteratorList_Test8TestBodyEv
FN:228,_ZN27List_ConstIteratorList_TestD2Ev
FNDA:1,_ZN27List_ConstIteratorList_TestD2Ev
FN:228,_ZN27List_ConstIteratorList_TestD0Ev
FNDA:1,_ZN27List_ConstIteratorList_TestD0Ev
FN:228,_ZN27List_ConstIteratorList_TestC2Ev
FNDA:1,_ZN27List_ConstIteratorList_TestC2Ev
FN:247,_ZN22List_IteratorList_Test8TestBodyEv
FNDA:1,_ZN22List_IteratorList_Test8TestBodyEv
FN:247,_ZN22List_IteratorList_TestD2Ev
FNDA:1,_ZN22List_IteratorList_TestD2Ev
FN:247,_ZN22List_IteratorList_TestD0Ev
FNDA:1,_ZN22List_IteratorList_TestD0Ev
FN:247,_ZN22List_IteratorList_TestC2Ev
FNDA:1,_ZN22List_IteratorList_TestC2Ev
DA:8,1
DA:8,1
DA:8,1
DA:8,1
DA:9,1
DA:10,1
DA:11,1
DA:13,1
DA:13,1
DA:13,1
DA:13,1
DA:14,1
DA:15,1
DA:17,2
DA:18,1
DA:19,1
DA:20,1
DA:22,1
DA:22,1
DA:22,1
DA:22,1
DA:23,1
DA:24,1
DA:25,1
DA:26,1
DA:28,1
DA:28,1
DA:28,1
DA:28,1
DA:29,1
DA:30,1
DA:31,1
DA:32,1
DA:34,1
DA:34,1
DA:34,1
DA:34,1
DA:35,1
DA:36,1
DA:37,1
DA:39,2
DA:40,2
DA:41,1
DA:42,1
DA:43,1
DA:44,1
DA:46,1
DA:46,1
DA:46,1
DA:46,1
DA:47,1
DA:48,1
DA:49,1
DA:50,1
DA:51,1
DA:53,1
DA:53,1
DA:53,1
DA:53,1
DA:54,1
DA:55,1
DA:57,2
DA:58,1
DA:59,1
DA:60,1
DA:61,1
DA:63,1
DA:63,1
DA:63,1
DA:63,1
DA:64,1
DA:65,1
DA:67,2
DA:68,1
DA:69,1
DA:71,1
DA:71,1
DA:71,1
DA:71,1
DA:72,1
DA:73,1
DA:75,2
DA:76,1
DA:77,1
DA:79,1
DA:79,1
DA:79,1
DA:79,1
DA:80,1
DA:81,1
DA:82,2
DA:83,1
DA:84,1
DA:86,1
DA:86,1
DA:86,1
DA:86,1
DA:87,1
DA:88,1
DA:89,1
DA:91,1
DA:91,1
DA:91,1
DA:91,1
DA:92,7
DA:93,1
DA:94,1
DA:96,1
DA:96,1
DA:96,1
DA:96,1
DA:97,1
DA:98,1
DA:99,1
DA:100,1
DA:102,1
DA:102,1
DA:102,1
DA:102,1
DA:103,1
DA:104,1
DA:105,1
DA:107,2
DA:108,1
DA:109,1
DA:110,1
DA:111,1
DA:113,1
DA:113,1
DA:113,1
DA:113,1
DA:114,1
DA:115,1
DA:116,1
DA:118,2
DA:119,1
DA:120,1
DA:121,1
DA:123,1
DA:123,1
DA:123,1
DA:123,1
DA:124,1
DA:125,1
DA:126,1
DA:127,1
DA:129,1
DA:129,1
DA:129,1
DA:129,1
DA:130,1
DA:131,1
DA:132,1
DA:134,2
DA:135,1
DA:136,1
DA:137,1
DA:139,1
DA:139,1
DA:139,1
DA:139,1
DA:140,1
DA:141,1
DA:142,1
DA:144,2
DA:145,1
DA:146,1
DA:147,1
DA:149,2
DA:150,1
DA:151,1
DA:153,1
DA:153,1
DA:153,1
DA:153,1
DA:154,1
DA:155,1
DA:156,1
DA:158,2
DA:159,1
DA:160,1
DA:161,1
DA:163,2
DA:164,1
DA:165,1
DA:167,1
DA:167,1
DA:167,1
DA:167,1
DA:168,1
DA:169,1
DA:170,1
DA:171,1
DA:172,1
DA:173,1
DA:175,1
DA:175,1
DA:175,1
DA:175,1
DA:176,1
DA:177,1
DA:178,1
DA:179,1
DA:180,1
DA:181,1
DA:183,2
DA:184,2
DA:185,1
DA:186,1
DA:187,1
DA:188,1
DA:189,1
DA:191,1
DA:191,1
DA:191,1
DA:191,1
DA:192,1
DA:193,1
DA:194,1
DA:195,1
DA:196,1
DA:197,1
DA:199,2
DA:200,2
DA:201,1
DA:202,1
DA:203,1
DA:204,1
DA:205,1
DA:207,1
DA:207,1
DA:207,1
DA:207,1
DA:208,1
DA:209,1
DA:210,1
DA:211,1
DA:212,1
DA:214,1
DA:214,1
DA:214,1
DA:214,1
DA:215,1
DA:216,1
DA:217,1
DA:218,1
DA:219,1
DA:221,1
DA:221,1
DA:221,1
DA:221,1
DA:222,1
DA:223,1
DA:224,1
DA:225,1
DA:226,1
DA:228,1
DA:228,1
DA:228,1
DA:228,1
DA:229,1
DA:230,1
DA:231,1
DA:233,1
DA:234,1
DA:236,1
DA:237,1
DA:239,1
DA:240,1
DA:242,1
DA:243,1
DA:244,1
DA:245,1
DA:247,1
DA:247,1
DA:247,1
DA:247,1
DA:248,1
DA:249,1
DA:250,1
DA:252,1
DA:253,1
DA:255,1
DA:256,1
DA:258,1
DA:259,1
DA:261,1
DA:262,1
DA:263,1
DA:264,1
end_of_record
SF:/home/sonikxx/Desktop/s21/CPP/CPP2_s21_containers-1/src/s21_list/s21_list.tpp
FN:7,_ZN3s214ListIiEC2Ev
FNDA:12,_ZN3s214ListIiEC2Ev
FN:14,_ZN3s214ListIiEC2Em
FNDA:5,_ZN3s214ListIiEC2Em
FN:32,_ZN3s214ListIiEC2ERKSt16initializer_listIiE
FNDA:32,_ZN3s214ListIiEC2ERKSt16initializer_listIiE
FN:32,_ZN3s214ListINSt7__cxx1112basic_stringIcSt11char_traitsIcESaIcEEEEC2ERKSt16initializer_listIS6_E
FNDA:1,_ZN3s214ListINSt7__cxx1112basic_stringIcSt11char_traitsIcESaIcEEEEC2ERKSt16initializer_listIS6_E
FN:45,_ZN3s214ListIiEC2ERKS1_
FNDA:3,_ZN3s214ListIiEC2ERKS1_
FN:65,_ZN3s214ListIiEC2EOS1_
FNDA:1,_ZN3s214ListIiEC2EOS1_
FN:74,_ZN3s214ListIiED2Ev
FNDA:53,_ZN3s214ListIiED2Ev
FN:74,_ZN3s214ListINSt7__cxx1112basic_stringIcSt11char_traitsIcESaIcEEEED2Ev
FNDA:1,_ZN3s214ListINSt7__cxx1112basic_stringIcSt11char_traitsIcESaIcEEEED2Ev
FN:80,_ZN3s214ListIiEaSEOS1_
FNDA:1,_ZN3s214ListIiEaSEOS1_
FN:92,_ZN3s214ListIiE5frontEv
FNDA:16,_ZN3s214ListIiE5frontEv
FN:101,_ZN3s214ListIiE4backEv
FNDA:13,_ZN3s214ListIiE4backEv
FN:110,_ZN3s214ListIiE5beginEv
FNDA:5,_ZN3s214ListIiE5beginEv
FN:115,_ZN3s214ListIiE3endEv
FNDA:4,_ZN3s214ListIiE3endEv
FN:120,_ZNK3s214ListIiE6cbeginEv
FNDA:1,_ZNK3s214ListIiE6cbeginEv
FN:125,_ZNK3s214ListIiE4cendEv
FNDA:2,_ZNK3s214ListIiE4cendEv
FN:132,_ZN3s214ListIiE5emptyEv
FNDA:2,_ZN3s214ListIiE5emptyEv
FN:142,_ZN3s214ListIiE4sizeEv
FNDA:16,_ZN3s214ListIiE4sizeEv
FN:154,_ZN3s214ListINSt7__cxx1112basic_stringIcSt11char_traitsIcESaIcEEEE8max_sizeEv
FNDA:1,_ZN3s214ListINSt7__cxx1112basic_stringIcSt11char_traitsIcESaIcEEEE8max_sizeEv
FN:161,_ZN3s214ListINSt7__cxx1112basic_stringIcSt11char_traitsIcESaIcEEEE5clearEv
FNDA:1,_ZN3s214ListINSt7__cxx1112basic_stringIcSt11char_traitsIcESaIcEEEE5clearEv
FN:161,_ZN3s214ListIiE5clearEv
FNDA:55,_ZN3s214ListIiE5clearEv
FN:172,_ZN3s214ListIiE6insertENS1_12ListIteratorERKi
FNDA:7,_ZN3s214ListIiE6insertENS1_12ListIteratorERKi
FN:194,_ZN3s214ListIiE5eraseENS1_12ListIteratorE
FNDA:2,_ZN3s214ListIiE5eraseENS1_12ListIteratorE
FN:208,_ZN3s214ListIiE9push_backERKi
FNDA:21,_ZN3s214ListIiE9push_backERKi
FN:220,_ZN3s214ListIiE8pop_backEv
FNDA:3,_ZN3s214ListIiE8pop_backEv
FN:240,_ZN3s214ListIiE10push_frontERKi
FNDA:2,_ZN3s214ListIiE10push_frontERKi
FN:253,_ZN3s214ListIiE9pop_frontEv
FNDA:3,_ZN3s214ListIiE9pop_frontEv
FN:271,_ZN3s214ListIiE4swapERS1_
FNDA:3,_ZN3s214ListIiE4swapERS1_
FN:282,_ZN3s214ListIiE5mergeERS1_
FNDA:2,_ZN3s214ListIiE5mergeERS1_
FN:311,_ZN3s214ListIiE6spliceENS1_12ListIteratorERS1_
FNDA:2,_ZN3s214ListIiE6spliceENS1_12ListIteratorERS1_
FN:324,_ZN3s214ListIiE7reverseEv
FNDA:1,_ZN3s214ListIiE7reverseEv
FN:339,_ZN3s214ListIiE6uniqueEv
FNDA:1,_ZN3s214ListIiE6uniqueEv
FN:364,_ZN3s214ListIiE4sortEv
FNDA:1,_ZN3s214ListIiE4sortEv
DA:7,12
DA:8,12
DA:9,12
DA:10,12
DA:14,5
DA:15,5
DA:16,1
DA:17,1
DA:19,4
DA:20,4
DA:21,20
DA:22,16
DA:23,16
DA:24,16
DA:26,4
DA:28,5
DA:32,1
DA:33,1
DA:34,1
DA:35,5
DA:36,4
DA:37,4
DA:38,4
DA:40,1
DA:41,1
DA:32,32
DA:33,32
DA:34,32
DA:35,152
DA:36,120
DA:37,120
DA:38,120
DA:40,32
DA:41,32
DA:45,3
DA:46,3
DA:47,1
DA:48,1
DA:50,2
DA:51,2
DA:52,2
DA:53,10
DA:54,8
DA:55,8
DA:56,8
DA:57,8
DA:59,2
DA:61,3
DA:65,1
DA:66,1
DA:67,1
DA:68,1
DA:69,1
DA:70,1
DA:74,1
DA:75,1
DA:76,1
DA:74,53
DA:75,53
DA:76,53
DA:80,1
DA:81,1
DA:82,1
DA:83,1
DA:84,1
DA:85,1
DA:86,1
DA:92,16
DA:93,16
DA:94,1
DA:96,15
DA:101,13
DA:102,13
DA:103,1
DA:105,12
DA:110,5
DA:111,5
DA:115,4
DA:116,4
DA:120,1
DA:121,1
DA:125,2
DA:126,2
DA:132,2
DA:133,2
DA:134,1
DA:136,1
DA:142,16
DA:143,16
DA:144,16
DA:145,92
DA:146,76
DA:147,76
DA:149,16
DA:154,1
DA:155,1
DA:161,1
DA:162,1
DA:163,6
DA:164,5
DA:165,5
DA:166,5
DA:168,1
DA:161,55
DA:162,55
DA:163,258
DA:164,203
DA:165,203
DA:166,203
DA:168,55
DA:172,7
DA:174,7
DA:175,7
DA:176,2
DA:177,2
DA:178,2
DA:179,5
DA:180,1
DA:181,1
DA:182,1
DA:184,4
DA:185,4
DA:186,4
DA:187,4
DA:189,7
DA:194,2
DA:195,2
DA:196,2
DA:197,1
DA:198,1
DA:199,1
DA:200,1
DA:201,1
DA:203,2
DA:204,2
DA:208,21
DA:209,21
DA:210,2
DA:211,2
DA:213,19
DA:214,19
DA:216,21
DA:220,3
DA:221,3
DA:222,1
DA:223,2
DA:224,1
DA:225,1
DA:226,1
DA:228,1
DA:229,4
DA:230,3
DA:232,1
DA:233,1
DA:234,1
DA:236,2
DA:240,2
DA:241,2
DA:242,1
DA:243,1
DA:245,1
DA:246,1
DA:247,1
DA:249,2
DA:253,3
DA:254,3
DA:255,1
DA:257,2
DA:258,1
DA:259,1
DA:260,1
DA:262,1
DA:263,1
DA:264,1
DA:265,1
DA:267,2
DA:271,3
DA:272,3
DA:273,3
DA:274,3
DA:275,3
DA:276,3
DA:277,3
DA:278,3
DA:282,2
DA:283,2
DA:284,2
DA:285,2
DA:287,12
DA:288,10
DA:289,5
DA:290,5
DA:292,5
DA:293,5
DA:297,7
DA:298,5
DA:299,5
DA:301,7
DA:302,5
DA:303,5
DA:306,2
DA:307,2
DA:311,2
DA:312,2
DA:313,1
DA:315,1
DA:316,6
DA:317,5
DA:318,5
DA:324,1
DA:325,1
DA:326,6
DA:327,5
DA:328,5
DA:329,5
DA:330,5
DA:332,1
DA:333,1
DA:334,1
DA:335,1
DA:339,1
DA:340,1
DA:341,3
DA:342,2
DA:343,6
DA:344,4
DA:345,3
DA:346,3
DA:347,3
DA:348,2
DA:350,3
DA:351,1
DA:353,3
DA:355,1
DA:358,2
DA:360,1
DA:364,1
DA:365,1
DA:366,6
DA:367,5
DA:368,15
DA:369,10
DA:370,10
DA:371,10
DA:372,10
DA:374,10
DA:376,5
DA:378,1
end_of_record
TN:s21_containers_test
SF:/home/sonikxx/Desktop/s21/CPP/CPP2_s21_containers-1/src/tests/main.cpp
FN:3,main
FNDA:1,main
DA:3,1
DA:4,1
DA:6,1
end_of_record
TN:s21_containers_test
SF:/home/sonikxx/Desktop/s21/CPP/CPP2_s21_containers-1/src/tests/s21_map_test.cpp
FN:9,_ZN27map_ConstructorDefault_TestC2Ev
FNDA:1,_ZN27map_ConstructorDefault_TestC2Ev
FN:9,_ZN27map_ConstructorDefault_Test8TestBodyEv
FNDA:1,_ZN27map_ConstructorDefault_Test8TestBodyEv
FN:9,_ZN27map_ConstructorDefault_TestD2Ev
FNDA:1,_ZN27map_ConstructorDefault_TestD2Ev
FN:9,_ZN27map_ConstructorDefault_TestD0Ev
FNDA:1,_ZN27map_ConstructorDefault_TestD0Ev
FN:15,_ZN31map_ConstructorInitializer_TestC2Ev
FNDA:1,_ZN31map_ConstructorInitializer_TestC2Ev
FN:15,_ZN31map_ConstructorInitializer_Test8TestBodyEv
FNDA:1,_ZN31map_ConstructorInitializer_Test8TestBodyEv
FN:15,_ZN31map_ConstructorInitializer_TestD2Ev
FNDA:1,_ZN31map_ConstructorInitializer_TestD2Ev
FN:15,_ZN31map_ConstructorInitializer_TestD0Ev
FNDA:1,_ZN31map_ConstructorInitializer_TestD0Ev
FN:27,_ZN32map_ConstructorInitializer2_TestC2Ev
FNDA:1,_ZN32map_ConstructorInitializer2_TestC2Ev
FN:27,_ZN32map_ConstructorInitializer2_Test8TestBodyEv
FNDA:1,_ZN32map_ConstructorInitializer2_Test8TestBodyEv
FN:27,_ZN32map_ConstructorInitializer2_TestD2Ev
FNDA:1,_ZN32map_ConstructorInitializer2_TestD2Ev
FN:27,_ZN32map_ConstructorInitializer2_TestD0Ev
FNDA:1,_ZN32map_ConstructorInitializer2_TestD0Ev
FN:33,_ZN24map_ConstructorCopy_TestC2Ev
FNDA:1,_ZN24map_ConstructorCopy_TestC2Ev
FN:33,_ZN24map_ConstructorCopy_Test8TestBodyEv
FNDA:1,_ZN24map_ConstructorCopy_Test8TestBodyEv
FN:33,_ZN24map_ConstructorCopy_TestD2Ev
FNDA:1,_ZN24map_ConstructorCopy_TestD2Ev
FN:33,_ZN24map_ConstructorCopy_TestD0Ev
FNDA:1,_ZN24map_ConstructorCopy_TestD0Ev
FN:47,_ZN24map_ConstructorMove_TestD0Ev
FNDA:1,_ZN24map_ConstructorMove_TestD0Ev
FN:47,_ZN24map_ConstructorMove_Test8TestBodyEv
FNDA:1,_ZN24map_ConstructorMove_Test8TestBodyEv
FN:47,_ZN24map_ConstructorMove_TestD2Ev
FNDA:1,_ZN24map_ConstructorMove_TestD2Ev
FN:47,_ZN24map_ConstructorMove_TestC2Ev
FNDA:1,_ZN24map_ConstructorMove_TestC2Ev
FN:62,_ZN17map_Operator_TestD0Ev
FNDA:1,_ZN17map_Operator_TestD0Ev
FN:62,_ZN17map_Operator_TestC2Ev
FNDA:1,_ZN17map_Operator_TestC2Ev
FN:62,_ZN17map_Operator_TestD2Ev
FNDA:1,_ZN17map_Operator_TestD2Ev
FN:62,_ZN17map_Operator_Test8TestBodyEv
FNDA:1,_ZN17map_Operator_Test8TestBodyEv
FN:75,_ZN18map_Operator2_TestD2Ev
FNDA:1,_ZN18map_Operator2_TestD2Ev
FN:75,_ZN18map_Operator2_TestD0Ev
FNDA:1,_ZN18map_Operator2_TestD0Ev
FN:75,_ZN18map_Operator2_TestC2Ev
FNDA:1,_ZN18map_Operator2_TestC2Ev
FN:75,_ZN18map_Operator2_Test8TestBodyEv
FNDA:1,_ZN18map_Operator2_Test8TestBodyEv
FN:91,_ZN28map_AtOperatorException_TestD0Ev
FNDA:1,_ZN28map_AtOperatorException_TestD0Ev
FN:91,_ZN28map_AtOperatorException_TestD2Ev
FNDA:1,_ZN28map_AtOperatorException_TestD2Ev
FN:91,_ZN28map_AtOperatorException_Test8TestBodyEv
FNDA:1,_ZN28map_AtOperatorException_Test8TestBodyEv
FN:91,_ZN28map_AtOperatorException_TestC2Ev
FNDA:1,_ZN28map_AtOperatorException_TestC2Ev
FN:97,_ZN19map_AtOperator_Test8TestBodyEv
FNDA:1,_ZN19map_AtOperator_Test8TestBodyEv
FN:97,_ZN19map_AtOperator_TestC2Ev
FNDA:1,_ZN19map_AtOperator_TestC2Ev
FN:97,_ZN19map_AtOperator_TestD2Ev
FNDA:1,_ZN19map_AtOperator_TestD2Ev
FN:97,_ZN19map_AtOperator_TestD0Ev
FNDA:1,_ZN19map_AtOperator_TestD0Ev
FN:110,_ZN17map_Capacity_TestC2Ev
FNDA:1,_ZN17map_Capacity_TestC2Ev
FN:110,_ZN17map_Capacity_Test8TestBodyEv
FNDA:1,_ZN17map_Capacity_Test8TestBodyEv
FN:110,_ZN17map_Capacity_TestD0Ev
FNDA:1,_ZN17map_Capacity_TestD0Ev
FN:110,_ZN17map_Capacity_TestD2Ev
FNDA:1,_ZN17map_Capacity_TestD2Ev
FN:119,_ZN14map_Clear_TestD2Ev
FNDA:1,_ZN14map_Clear_TestD2Ev
FN:119,_ZN14map_Clear_TestC2Ev
FNDA:1,_ZN14map_Clear_TestC2Ev
FN:119,_ZN14map_Clear_TestD0Ev
FNDA:1,_ZN14map_Clear_TestD0Ev
FN:119,_ZN14map_Clear_Test8TestBodyEv
FNDA:1,_ZN14map_Clear_Test8TestBodyEv
FN:133,_ZN15map_Insert_TestD0Ev
FNDA:1,_ZN15map_Insert_TestD0Ev
FN:133,_ZN15map_Insert_TestC2Ev
FNDA:1,_ZN15map_Insert_TestC2Ev
FN:133,_ZN15map_Insert_Test8TestBodyEv
FNDA:1,_ZN15map_Insert_Test8TestBodyEv
FN:133,_ZN15map_Insert_TestD2Ev
FNDA:1,_ZN15map_Insert_TestD2Ev
FN:153,_ZN16map_Insert2_TestD0Ev
FNDA:1,_ZN16map_Insert2_TestD0Ev
FN:153,_ZN16map_Insert2_TestC2Ev
FNDA:1,_ZN16map_Insert2_TestC2Ev
FN:153,_ZN16map_Insert2_TestD2Ev
FNDA:1,_ZN16map_Insert2_TestD2Ev
FN:153,_ZN16map_Insert2_Test8TestBodyEv
FNDA:1,_ZN16map_Insert2_Test8TestBodyEv
FN:173,_ZN16map_Insert3_TestC2Ev
FNDA:1,_ZN16map_Insert3_TestC2Ev
FN:173,_ZN16map_Insert3_Test8TestBodyEv
FNDA:1,_ZN16map_Insert3_Test8TestBodyEv
FN:173,_ZN16map_Insert3_TestD0Ev
FNDA:1,_ZN16map_Insert3_TestD0Ev
FN:173,_ZN16map_Insert3_TestD2Ev
FNDA:1,_ZN16map_Insert3_TestD2Ev
FN:194,_ZN14map_Erase_TestD0Ev
FNDA:1,_ZN14map_Erase_TestD0Ev
FN:194,_ZN14map_Erase_TestC2Ev
FNDA:1,_ZN14map_Erase_TestC2Ev
FN:194,_ZN14map_Erase_TestD2Ev
FNDA:1,_ZN14map_Erase_TestD2Ev
FN:194,_ZN14map_Erase_Test8TestBodyEv
FNDA:1,_ZN14map_Erase_Test8TestBodyEv
FN:209,_ZN13map_Swap_TestD0Ev
FNDA:1,_ZN13map_Swap_TestD0Ev
FN:209,_ZN13map_Swap_TestC2Ev
FNDA:1,_ZN13map_Swap_TestC2Ev
FN:209,_ZN13map_Swap_Test8TestBodyEv
FNDA:1,_ZN13map_Swap_Test8TestBodyEv
FN:209,_ZN13map_Swap_TestD2Ev
FNDA:1,_ZN13map_Swap_TestD2Ev
FN:221,_ZN14map_Merge_TestC2Ev
FNDA:1,_ZN14map_Merge_TestC2Ev
FN:221,_ZN14map_Merge_Test8TestBodyEv
FNDA:1,_ZN14map_Merge_Test8TestBodyEv
FN:221,_ZN14map_Merge_TestD2Ev
FNDA:1,_ZN14map_Merge_TestD2Ev
FN:221,_ZN14map_Merge_TestD0Ev
FNDA:1,_ZN14map_Merge_TestD0Ev
DA:9,1
DA:9,1
DA:9,1
DA:9,1
DA:10,1
DA:11,1
DA:12,1
DA:13,1
DA:15,1
DA:15,1
DA:15,1
DA:15,1
DA:16,1
DA:17,1
DA:18,1
DA:19,1
DA:20,1
DA:21,5
DA:22,4
DA:23,4
DA:25,1
DA:27,1
DA:27,1
DA:27,1
DA:27,1
DA:28,1
DA:29,1
DA:30,1
DA:31,1
DA:33,1
DA:33,1
DA:33,1
DA:33,1
DA:34,1
DA:35,1
DA:36,1
DA:37,1
DA:38,1
DA:39,1
DA:40,1
DA:41,4
DA:42,3
DA:43,3
DA:45,1
DA:47,1
DA:47,1
DA:47,1
DA:47,1
DA:48,1
DA:49,1
DA:50,1
DA:51,1
DA:52,1
DA:53,1
DA:54,1
DA:55,1
DA:56,4
DA:57,3
DA:58,3
DA:60,1
DA:62,1
DA:62,1
DA:62,1
DA:62,1
DA:64,4
DA:66,5
DA:67,1
DA:68,1
DA:69,1
DA:70,1
DA:71,1
DA:72,1
DA:73,1
DA:75,1
DA:75,1
DA:75,1
DA:75,1
DA:77,4
DA:79,5
DA:80,1
DA:81,1
DA:82,1
DA:83,1
DA:84,1
DA:85,1
DA:86,1
DA:87,1
DA:88,1
DA:89,1
DA:91,1
DA:91,1
DA:91,1
DA:91,1
DA:93,4
DA:94,1
DA:95,1
DA:97,1
DA:97,1
DA:97,1
DA:97,1
DA:99,4
DA:101,5
DA:102,1
DA:103,1
DA:104,1
DA:105,1
DA:106,1
DA:107,1
DA:108,1
DA:110,1
DA:110,1
DA:110,1
DA:110,1
DA:111,1
DA:112,1
DA:113,1
DA:114,1
DA:115,1
DA:116,1
DA:117,1
DA:119,1
DA:119,1
DA:119,1
DA:119,1
DA:120,1
DA:121,1
DA:122,1
DA:123,1
DA:124,1
DA:125,1
DA:126,1
DA:127,1
DA:128,1
DA:129,1
DA:130,1
DA:131,1
DA:133,1
DA:133,1
DA:133,1
DA:133,1
DA:134,1
DA:135,1
DA:136,1
DA:137,1
DA:138,1
DA:139,1
DA:140,1
DA:141,1
DA:142,1
DA:143,1
DA:144,4
DA:145,3
DA:146,3
DA:148,1
DA:149,1
DA:150,1
DA:151,1
DA:153,1
DA:153,1
DA:153,1
DA:153,1
DA:154,1
DA:155,1
DA:156,1
DA:157,1
DA:158,1
DA:159,1
DA:160,1
DA:161,1
DA:162,1
DA:163,1
DA:164,4
DA:165,3
DA:166,3
DA:168,1
DA:169,1
DA:170,1
DA:171,1
DA:173,1
DA:173,1
DA:173,1
DA:173,1
DA:174,1
DA:175,1
DA:176,1
DA:177,1
DA:178,1
DA:179,1
DA:180,1
DA:181,1
DA:182,1
DA:183,1
DA:184,4
DA:185,3
DA:186,3
DA:188,1
DA:189,1
DA:190,1
DA:191,1
DA:192,1
DA:194,1
DA:194,1
DA:194,1
DA:194,1
DA:195,1
DA:196,1
DA:197,1
DA:198,1
DA:199,1
DA:200,1
DA:201,1
DA:202,1
DA:203,4
DA:204,3
DA:205,3
DA:207,1
DA:209,1
DA:209,1
DA:209,1
DA:209,1
DA:210,1
DA:211,1
DA:212,1
DA:213,1
DA:214,1
DA:215,1
DA:216,1
DA:217,1
DA:218,1
DA:219,1
DA:221,1
DA:221,1
DA:221,1
DA:221,1
DA:222,1
DA:223,1
DA:224,1
DA:225,1
DA:226,1
DA:227,1
DA:228,1
DA:229,1
DA:230,5
DA:231,4
DA:232,4
DA:234,1
DA:235,1
DA:236,1
DA:237,1
DA:238,1
end_of_record
SF:/home/sonikxx/Desktop/s21/CPP/CPP2_s21_containers-1/src/binary_tree.h
end_of_record
SF:/home/sonikxx/Desktop/s21/CPP/CPP2_s21_containers-1/src/s21_map/s21_map.h
FN:19,_ZN3s213mapIiiEC2Ev
FNDA:1,_ZN3s213mapIiiEC2Ev
FN:19,_ZN3s213mapIcNSt7__cxx1112basic_stringIcSt11char_traitsIcESaIcEEEEC2Ev
FNDA:1,_ZN3s213mapIcNSt7__cxx1112basic_stringIcSt11char_traitsIcESaIcEEEEC2Ev
FN:19,_ZN3s213mapIicEC2Ev
FNDA:5,_ZN3s213mapIicEC2Ev
FN:23,_ZN3s213mapIcNSt7__cxx1112basic_stringIcSt11char_traitsIcESaIcEEEED2Ev
FNDA:5,_ZN3s213mapIcNSt7__cxx1112basic_stringIcSt11char_traitsIcESaIcEEEED2Ev
FN:23,_ZN3s213mapIiiED2Ev
FNDA:10,_ZN3s213mapIiiED2Ev
FN:23,_ZN3s213mapIicED2Ev
FNDA:7,_ZN3s213mapIicED2Ev
DA:19,1
DA:19,1
DA:19,5
DA:23,5
DA:23,10
DA:23,7
end_of_record
SF:/home/sonikxx/Desktop/s21/CPP/CPP2_s21_containers-1/src/s21_map/s21_map.tpp
FN:6,_ZN3s213mapIcNSt7__cxx1112basic_stringIcSt11char_traitsIcESaIcEEEEC2ERKSt16initializer_listISt4pairIKcS6_EE
FNDA:4,_ZN3s213mapIcNSt7__cxx1112basic_stringIcSt11char_traitsIcESaIcEEEEC2ERKSt16initializer_listISt4pairIKcS6_EE
FN:6,_ZN3s213mapIiiEC2ERKSt16initializer_listISt4pairIKiiEE
FNDA:6,_ZN3s213mapIiiEC2ERKSt16initializer_listISt4pairIKiiEE
FN:6,_ZN3s213mapIicEC2ERKSt16initializer_listISt4pairIKicEE
FNDA:2,_ZN3s213mapIicEC2ERKSt16initializer_listISt4pairIKicEE
FN:13,_ZN3s213mapIiiEC2ERKS1_
FNDA:2,_ZN3s213mapIiiEC2ERKS1_
FN:20,_ZN3s213mapIiiEC2EOS1_
FNDA:1,_ZN3s213mapIiiEC2EOS1_
FN:33,_ZN3s213mapIcNSt7__cxx1112basic_stringIcSt11char_traitsIcESaIcEEEE2atERKc
FNDA:2,_ZN3s213mapIcNSt7__cxx1112basic_stringIcSt11char_traitsIcESaIcEEEE2atERKc
FN:42,_ZN3s213mapIcNSt7__cxx1112basic_stringIcSt11char_traitsIcESaIcEEEEixERKc
FNDA:13,_ZN3s213mapIcNSt7__cxx1112basic_stringIcSt11char_traitsIcESaIcEEEEixERKc
FN:53,_ZN3s213mapIiiE5mergeERS1_
FNDA:1,_ZN3s213mapIiiE5mergeERS1_
FN:65,_ZN3s213mapIiiE6insertERKiS3_
FNDA:22,_ZN3s213mapIiiE6insertERKiS3_
FN:65,_ZN3s213mapIicE6insertERKiRKc
FNDA:19,_ZN3s213mapIicE6insertERKiRKc
FN:65,_ZN3s213mapIcNSt7__cxx1112basic_stringIcSt11char_traitsIcESaIcEEEE6insertERKcRKS6_
FNDA:15,_ZN3s213mapIcNSt7__cxx1112basic_stringIcSt11char_traitsIcESaIcEEEE6insertERKcRKS6_
FN:74,_ZN3s213mapIcNSt7__cxx1112basic_stringIcSt11char_traitsIcESaIcEEEE6insertERKSt4pairIKcS6_E
FNDA:14,_ZN3s213mapIcNSt7__cxx1112basic_stringIcSt11char_traitsIcESaIcEEEE6insertERKSt4pairIKcS6_E
FN:74,_ZN3s213mapIicE6insertERKSt4pairIKicE
FNDA:12,_ZN3s213mapIicE6insertERKSt4pairIKicE
FN:74,_ZN3s213mapIiiE6insertERKSt4pairIKiiE
FNDA:22,_ZN3s213mapIiiE6insertERKSt4pairIKiiE
FN:80,_ZN3s213mapIicE16insert_or_assignERKiRKc
FNDA:1,_ZN3s213mapIicE16insert_or_assignERKiRKc
FN:88,_ZN3s213mapIiiE4findERi
FNDA:1,_ZN3s213mapIiiE4findERi
DA:6,4
DA:7,16
DA:8,12
DA:10,4
DA:6,6
DA:7,20
DA:8,14
DA:10,6
DA:6,2
DA:7,10
DA:8,8
DA:10,2
DA:13,2
DA:14,7
DA:15,5
DA:17,2
DA:20,1
DA:21,1
DA:22,1
DA:23,1
DA:24,1
DA:33,2
DA:34,2
DA:35,2
DA:36,1
DA:38,1
DA:42,13
DA:43,13
DA:44,13
DA:45,2
DA:47,2
DA:49,13
DA:53,1
DA:54,1
DA:55,3
DA:56,2
DA:57,1
DA:58,1
DA:61,1
DA:62,1
DA:65,22
DA:67,22
DA:68,22
DA:69,21
DA:70,22
DA:65,19
DA:67,19
DA:68,19
DA:69,17
DA:70,19
DA:65,15
DA:67,15
DA:68,15
DA:69,15
DA:70,15
DA:74,14
DA:76,14
DA:74,12
DA:76,12
DA:74,22
DA:76,22
DA:80,1
DA:82,1
DA:83,1
DA:84,1
DA:88,1
DA:89,1
DA:90,1
end_of_record
SF:/home/sonikxx/Desktop/s21/CPP/CPP2_s21_containers-1/src/binary_tree.tpp
FN:7,_ZN3s214TreeIcSt4pairIcNSt7__cxx1112basic_stringIcSt11char_traitsIcESaIcEEEEEC2Ev
FNDA:5,_ZN3s214TreeIcSt4pairIcNSt7__cxx1112basic_stringIcSt11char_traitsIcESaIcEEEEEC2Ev
FN:7,_ZN3s214TreeIiSt4pairIiiEEC2Ev
FNDA:10,_ZN3s214TreeIiSt4pairIiiEEC2Ev
FN:7,_ZN3s214TreeIiSt4pairIicEEC2Ev
FNDA:7,_ZN3s214TreeIiSt4pairIicEEC2Ev
FN:13,_ZN3s214TreeIcSt4pairIcNSt7__cxx1112basic_stringIcSt11char_traitsIcESaIcEEEEED2Ev
FNDA:5,_ZN3s214TreeIcSt4pairIcNSt7__cxx1112basic_stringIcSt11char_traitsIcESaIcEEEEED2Ev
FN:13,_ZN3s214TreeIiSt4pairIiiEED2Ev
FNDA:10,_ZN3s214TreeIiSt4pairIiiEED2Ev
FN:13,_ZN3s214TreeIiSt4pairIicEED2Ev
FNDA:7,_ZN3s214TreeIiSt4pairIicEED2Ev
FN:18,_ZN3s214TreeIiSt4pairIiiEE4swapERS3_
FNDA:3,_ZN3s214TreeIiSt4pairIiiEE4swapERS3_
FN:25,_ZN3s214TreeIiSt4pairIicEE5emptyEv
FNDA:22,_ZN3s214TreeIiSt4pairIicEE5emptyEv
FN:25,_ZN3s214TreeIcSt4pairIcNSt7__cxx1112basic_stringIcSt11char_traitsIcESaIcEEEEE5emptyEv
FNDA:34,_ZN3s214TreeIcSt4pairIcNSt7__cxx1112basic_stringIcSt11char_traitsIcESaIcEEEEE5emptyEv
FN:25,_ZN3s214TreeIiSt4pairIiiEE5emptyEv
FNDA:29,_ZN3s214TreeIiSt4pairIiiEE5emptyEv
FN:30,_ZN3s214TreeIiSt4pairIicEE4sizeEv
FNDA:4,_ZN3s214TreeIiSt4pairIicEE4sizeEv
FN:30,_ZN3s214TreeIiSt4pairIiiEE4sizeEv
FNDA:5,_ZN3s214TreeIiSt4pairIiiEE4sizeEv
FN:30,_ZN3s214TreeIcSt4pairIcNSt7__cxx1112basic_stringIcSt11char_traitsIcESaIcEEEEE4sizeEv
FNDA:1,_ZN3s214TreeIcSt4pairIcNSt7__cxx1112basic_stringIcSt11char_traitsIcESaIcEEEEE4sizeEv
FN:41,_ZN3s214TreeIiSt4pairIiiEE5clearEv
FNDA:2,_ZN3s214TreeIiSt4pairIiiEE5clearEv
FN:48,_ZN3s214TreeIiSt4pairIiiEE8containsERKi
FNDA:2,_ZN3s214TreeIiSt4pairIiiEE8containsERKi
FN:53,_ZN3s214TreeIiSt4pairIicEE5eraseENS3_11BinIteratorE
FNDA:1,_ZN3s214TreeIiSt4pairIicEE5eraseENS3_11BinIteratorE
FN:53,_ZN3s214TreeIiSt4pairIiiEE5eraseENS3_11BinIteratorE
FNDA:1,_ZN3s214TreeIiSt4pairIiiEE5eraseENS3_11BinIteratorE
FN:62,_ZN3s214TreeIiSt4pairIiiEE10bin_insertEi
FNDA:22,_ZN3s214TreeIiSt4pairIiiEE10bin_insertEi
FN:62,_ZN3s214TreeIiSt4pairIicEE10bin_insertEi
FNDA:20,_ZN3s214TreeIiSt4pairIicEE10bin_insertEi
FN:62,_ZN3s214TreeIcSt4pairIcNSt7__cxx1112basic_stringIcSt11char_traitsIcESaIcEEEEE10bin_insertEc
FNDA:15,_ZN3s214TreeIcSt4pairIcNSt7__cxx1112basic_stringIcSt11char_traitsIcESaIcEEEEE10bin_insertEc
FN:99,_ZN3s214TreeIiSt4pairIicEE13bin_tree_findEi
FNDA:1,_ZN3s214TreeIiSt4pairIicEE13bin_tree_findEi
FN:99,_ZN3s214TreeIiSt4pairIiiEE13bin_tree_findEi
FNDA:4,_ZN3s214TreeIiSt4pairIiiEE13bin_tree_findEi
FN:99,_ZN3s214TreeIcSt4pairIcNSt7__cxx1112basic_stringIcSt11char_traitsIcESaIcEEEEE13bin_tree_findEc
FNDA:17,_ZN3s214TreeIcSt4pairIcNSt7__cxx1112basic_stringIcSt11char_traitsIcESaIcEEEEE13bin_tree_findEc
FN:121,_ZN3s214TreeIiSt4pairIiiEE10bin_removeEi
FNDA:1,_ZN3s214TreeIiSt4pairIiiEE10bin_removeEi
FN:121,_ZN3s214TreeIiSt4pairIicEE10bin_removeEi
FNDA:1,_ZN3s214TreeIiSt4pairIicEE10bin_removeEi
FN:150,_ZN3s214TreeIiSt4pairIiiEE4NodeC2Ev
FNDA:10,_ZN3s214TreeIiSt4pairIiiEE4NodeC2Ev
FN:150,_ZN3s214TreeIcSt4pairIcNSt7__cxx1112basic_stringIcSt11char_traitsIcESaIcEEEEE4NodeC2Ev
FNDA:5,_ZN3s214TreeIcSt4pairIcNSt7__cxx1112basic_stringIcSt11char_traitsIcESaIcEEEEE4NodeC2Ev
FN:150,_ZN3s214TreeIiSt4pairIicEE4NodeC2Ev
FNDA:7,_ZN3s214TreeIiSt4pairIicEE4NodeC2Ev
FN:156,_ZN3s214TreeIiSt4pairIiiEE4NodeC2Ei
FNDA:21,_ZN3s214TreeIiSt4pairIiiEE4NodeC2Ei
FN:156,_ZN3s214TreeIcSt4pairIcNSt7__cxx1112basic_stringIcSt11char_traitsIcESaIcEEEEE4NodeC2Ec
FNDA:15,_ZN3s214TreeIcSt4pairIcNSt7__cxx1112basic_stringIcSt11char_traitsIcESaIcEEEEE4NodeC2Ec
FN:156,_ZN3s214TreeIiSt4pairIicEE4NodeC2Ei
FNDA:17,_ZN3s214TreeIiSt4pairIicEE4NodeC2Ei
FN:164,_ZN3s214TreeIiSt4pairIicEE11BinIteratorC2Ev
FNDA:33,_ZN3s214TreeIiSt4pairIicEE11BinIteratorC2Ev
FN:164,_ZN3s214TreeIiSt4pairIiiEE11BinIteratorC2Ev
FNDA:35,_ZN3s214TreeIiSt4pairIiiEE11BinIteratorC2Ev
FN:170,_ZN3s214TreeIcSt4pairIcNSt7__cxx1112basic_stringIcSt11char_traitsIcESaIcEEEEE11BinIteratorC2EPNS9_4NodeEPS9_
FNDA:15,_ZN3s214TreeIcSt4pairIcNSt7__cxx1112basic_stringIcSt11char_traitsIcESaIcEEEEE11BinIteratorC2EPNS9_4NodeEPS9_
FN:170,_ZN3s214TreeIiSt4pairIiiEE11BinIteratorC2EPNS3_4NodeEPS3_
FNDA:99,_ZN3s214TreeIiSt4pairIiiEE11BinIteratorC2EPNS3_4NodeEPS3_
FN:170,_ZN3s214TreeIiSt4pairIicEE11BinIteratorC2EPNS3_4NodeEPS3_
FNDA:108,_ZN3s214TreeIiSt4pairIicEE11BinIteratorC2EPNS3_4NodeEPS3_
FN:176,_ZN3s214TreeIcSt4pairIcNSt7__cxx1112basic_stringIcSt11char_traitsIcESaIcEEEEE11BinIteratorC2ERKSA_
FNDA:15,_ZN3s214TreeIcSt4pairIcNSt7__cxx1112basic_stringIcSt11char_traitsIcESaIcEEEEE11BinIteratorC2ERKSA_
FN:176,_ZN3s214TreeIiSt4pairIiiEE11BinIteratorC2ERKS4_
FNDA:23,_ZN3s214TreeIiSt4pairIiiEE11BinIteratorC2ERKS4_
FN:176,_ZN3s214TreeIiSt4pairIicEE11BinIteratorC2ERKS4_
FNDA:20,_ZN3s214TreeIiSt4pairIicEE11BinIteratorC2ERKS4_
FN:191,_ZN3s214TreeIiSt4pairIiiEE11BinIteratordeEv
FNDA:32,_ZN3s214TreeIiSt4pairIiiEE11BinIteratordeEv
FN:191,_ZN3s214TreeIiSt4pairIicEE11BinIteratordeEv
FNDA:45,_ZN3s214TreeIiSt4pairIicEE11BinIteratordeEv
FN:199,_ZN3s214TreeIiSt4pairIicEE11BinIteratorppEv
FNDA:16,_ZN3s214TreeIiSt4pairIicEE11BinIteratorppEv
FN:199,_ZN3s214TreeIiSt4pairIiiEE11BinIteratorppEv
FNDA:12,_ZN3s214TreeIiSt4pairIiiEE11BinIteratorppEv
FN:223,_ZNK3s214TreeIiSt4pairIicEE11BinIteratoreqERKS4_
FNDA:16,_ZNK3s214TreeIiSt4pairIicEE11BinIteratoreqERKS4_
FN:223,_ZNK3s214TreeIiSt4pairIiiEE11BinIteratoreqERKS4_
FNDA:12,_ZNK3s214TreeIiSt4pairIiiEE11BinIteratoreqERKS4_
FN:229,_ZNK3s214TreeIiSt4pairIiiEE11BinIteratorneERKS4_
FNDA:17,_ZNK3s214TreeIiSt4pairIiiEE11BinIteratorneERKS4_
FN:229,_ZNK3s214TreeIiSt4pairIicEE11BinIteratorneERKS4_
FNDA:22,_ZNK3s214TreeIiSt4pairIicEE11BinIteratorneERKS4_
FN:235,_ZNK3s214TreeIiSt4pairIicEE5beginEv
FNDA:6,_ZNK3s214TreeIiSt4pairIicEE5beginEv
FN:235,_ZNK3s214TreeIiSt4pairIiiEE5beginEv
FNDA:6,_ZNK3s214TreeIiSt4pairIiiEE5beginEv
FN:241,_ZNK3s214TreeIiSt4pairIiiEE3endEv
FNDA:75,_ZNK3s214TreeIiSt4pairIiiEE3endEv
FN:241,_ZNK3s214TreeIiSt4pairIicEE3endEv
FNDA:88,_ZNK3s214TreeIiSt4pairIicEE3endEv
FN:256,_ZN3s214TreeIiSt4pairIiiEE16ConstBinIteratorC2EPKNS3_4NodeEPKS3_
FNDA:12,_ZN3s214TreeIiSt4pairIiiEE16ConstBinIteratorC2EPKNS3_4NodeEPKS3_
FN:270,_ZN3s214TreeIiSt4pairIiiEE16ConstBinIteratorC2ERKNS3_11BinIteratorE
FNDA:7,_ZN3s214TreeIiSt4pairIiiEE16ConstBinIteratorC2ERKNS3_11BinIteratorE
FN:287,_ZN3s214TreeIiSt4pairIiiEE16ConstBinIteratordeEv
FNDA:8,_ZN3s214TreeIiSt4pairIiiEE16ConstBinIteratordeEv
FN:295,_ZN3s214TreeIiSt4pairIiiEE16ConstBinIteratorppEv
FNDA:5,_ZN3s214TreeIiSt4pairIiiEE16ConstBinIteratorppEv
FN:316,_ZNK3s214TreeIiSt4pairIiiEE16ConstBinIteratoreqERKS4_
FNDA:5,_ZNK3s214TreeIiSt4pairIiiEE16ConstBinIteratoreqERKS4_
FN:322,_ZNK3s214TreeIiSt4pairIiiEE16ConstBinIteratorneERKS4_
FNDA:7,_ZNK3s214TreeIiSt4pairIiiEE16ConstBinIteratorneERKS4_
FN:329,_ZNK3s214TreeIiSt4pairIiiEE6cbeginEv
FNDA:2,_ZNK3s214TreeIiSt4pairIiiEE6cbeginEv
FN:335,_ZNK3s214TreeIiSt4pairIiiEE4cendEv
FNDA:12,_ZNK3s214TreeIiSt4pairIiiEE4cendEv
FN:341,_ZNK3s214TreeIiSt4pairIiiEE10get_parentEPKNS3_4NodeE
FNDA:3,_ZNK3s214TreeIiSt4pairIiiEE10get_parentEPKNS3_4NodeE
FN:341,_ZNK3s214TreeIiSt4pairIicEE10get_parentEPKNS3_4NodeE
FNDA:1,_ZNK3s214TreeIiSt4pairIicEE10get_parentEPKNS3_4NodeE
FN:362,_ZN3s214TreeIiSt4pairIicEE12change_childEPNS3_4NodeES5_S5_
FNDA:1,_ZN3s214TreeIiSt4pairIicEE12change_childEPNS3_4NodeES5_S5_
FN:362,_ZN3s214TreeIiSt4pairIiiEE12change_childEPNS3_4NodeES5_S5_
FNDA:1,_ZN3s214TreeIiSt4pairIiiEE12change_childEPNS3_4NodeES5_S5_
FN:378,_ZNK3s214TreeIiSt4pairIicEE7get_minEPNS3_4NodeE
FNDA:17,_ZNK3s214TreeIiSt4pairIicEE7get_minEPNS3_4NodeE
FN:378,_ZNK3s214TreeIiSt4pairIiiEE7get_minEPNS3_4NodeE
FNDA:18,_ZNK3s214TreeIiSt4pairIiiEE7get_minEPNS3_4NodeE
FN:392,_ZNK3s214TreeIiSt4pairIiiEE7get_maxEPNS3_4NodeE
FNDA:17,_ZNK3s214TreeIiSt4pairIiiEE7get_maxEPNS3_4NodeE
FN:392,_ZNK3s214TreeIiSt4pairIicEE7get_maxEPNS3_4NodeE
FNDA:16,_ZNK3s214TreeIiSt4pairIicEE7get_maxEPNS3_4NodeE
FN:406,_ZN3s214TreeIiSt4pairIicEE8get_nextEPKNS3_4NodeE
FNDA:16,_ZN3s214TreeIiSt4pairIicEE8get_nextEPKNS3_4NodeE
FN:406,_ZN3s214TreeIiSt4pairIiiEE8get_nextEPKNS3_4NodeE
FNDA:17,_ZN3s214TreeIiSt4pairIiiEE8get_nextEPKNS3_4NodeE
FN:448,_ZN3s214TreeIcSt4pairIcNSt7__cxx1112basic_stringIcSt11char_traitsIcESaIcEEEEE12destroy_nodeEPNS9_4NodeE
FNDA:35,_ZN3s214TreeIcSt4pairIcNSt7__cxx1112basic_stringIcSt11char_traitsIcESaIcEEEEE12destroy_nodeEPNS9_4NodeE
FN:448,_ZN3s214TreeIiSt4pairIicEE12destroy_nodeEPNS3_4NodeE
FNDA:39,_ZN3s214TreeIiSt4pairIicEE12destroy_nodeEPNS3_4NodeE
FN:448,_ZN3s214TreeIiSt4pairIiiEE12destroy_nodeEPNS3_4NodeE
FNDA:52,_ZN3s214TreeIiSt4pairIiiEE12destroy_nodeEPNS3_4NodeE
DA:7,5
DA:8,5
DA:9,5
DA:10,5
DA:7,10
DA:8,10
DA:9,10
DA:10,10
DA:7,7
DA:8,7
DA:9,7
DA:10,7
DA:13,5
DA:14,5
DA:15,5
DA:13,10
DA:14,10
DA:15,10
DA:13,7
DA:14,7
DA:15,7
DA:18,3
DA:19,3
DA:20,3
DA:21,3
DA:22,3
DA:25,29
DA:26,29
DA:25,34
DA:26,34
DA:25,22
DA:26,22
DA:30,1
DA:31,1
DA:30,5
DA:31,5
DA:30,4
DA:31,4
DA:41,2
DA:42,2
DA:43,2
DA:44,2
DA:45,2
DA:48,2
DA:49,2
DA:53,1
DA:54,1
DA:55,1
DA:58,1
DA:53,1
DA:54,1
DA:55,1
DA:58,1
DA:62,22
DA:63,22
DA:67,22
DA:68,22
DA:69,22
DA:70,9
DA:71,18
DA:73,29
DA:74,17
DA:75,17
DA:76,11
DA:77,11
DA:79,6
DA:81,17
DA:82,2
DA:83,1
DA:84,1
DA:86,1
DA:88,17
DA:89,1
DA:90,1
DA:91,2
DA:94,24
DA:62,20
DA:63,20
DA:67,20
DA:68,20
DA:69,20
DA:70,5
DA:71,10
DA:73,36
DA:74,24
DA:75,21
DA:76,12
DA:77,12
DA:79,9
DA:81,24
DA:82,0
DA:83,0
DA:84,0
DA:86,0
DA:88,24
DA:89,3
DA:90,3
DA:91,6
DA:94,24
DA:62,15
DA:63,15
DA:67,15
DA:68,15
DA:69,15
DA:70,5
DA:71,10
DA:73,29
DA:74,19
DA:75,19
DA:76,10
DA:77,10
DA:79,9
DA:81,19
DA:82,0
DA:83,0
DA:84,0
DA:86,0
DA:88,19
DA:89,0
DA:90,0
DA:91,0
DA:94,20
DA:99,1
DA:100,1
DA:101,1
DA:102,1
DA:103,1
DA:104,1
DA:105,0
DA:106,0
DA:108,1
DA:109,0
DA:110,0
DA:112,1
DA:113,1
DA:114,1
DA:117,1
DA:99,4
DA:100,4
DA:101,4
DA:102,4
DA:103,4
DA:104,4
DA:105,0
DA:106,0
DA:108,4
DA:109,1
DA:110,0
DA:112,3
DA:113,3
DA:114,3
DA:117,4
DA:99,17
DA:100,17
DA:101,17
DA:102,17
DA:103,36
DA:104,36
DA:105,30
DA:106,27
DA:108,33
DA:109,0
DA:110,0
DA:112,33
DA:113,14
DA:114,14
DA:117,17
DA:121,1
DA:122,1
DA:123,1
DA:124,1
DA:125,1
DA:126,1
DA:127,0
DA:128,1
DA:129,1
DA:130,1
DA:131,0
DA:132,0
DA:133,0
DA:135,0
DA:136,0
DA:137,0
DA:139,0
DA:140,0
DA:141,0
DA:142,0
DA:143,0
DA:146,1
DA:121,1
DA:122,1
DA:123,1
DA:124,1
DA:125,1
DA:126,1
DA:127,0
DA:128,1
DA:129,1
DA:130,1
DA:131,0
DA:132,0
DA:133,0
DA:135,0
DA:136,0
DA:137,0
DA:139,0
DA:140,0
DA:141,0
DA:142,0
DA:143,0
DA:146,1
DA:150,5
DA:151,5
DA:152,5
DA:153,5
DA:150,10
DA:151,10
DA:152,10
DA:153,10
DA:150,7
DA:151,7
DA:152,7
DA:153,7
DA:156,21
DA:157,21
DA:158,21
DA:159,21
DA:160,21
DA:156,17
DA:157,17
DA:158,17
DA:159,17
DA:160,17
DA:156,15
DA:157,15
DA:158,15
DA:159,15
DA:160,15
DA:164,35
DA:165,35
DA:166,35
DA:167,35
DA:164,33
DA:165,33
DA:166,33
DA:167,33
DA:170,15
DA:171,15
DA:172,15
DA:173,15
DA:170,99
DA:171,99
DA:172,99
DA:173,99
DA:170,108
DA:171,108
DA:172,108
DA:173,108
DA:176,15
DA:177,15
DA:178,15
DA:179,15
DA:176,23
DA:177,23
DA:178,23
DA:179,23
DA:176,20
DA:177,20
DA:178,20
DA:179,20
DA:191,32
DA:192,32
DA:193,0
DA:194,32
DA:191,45
DA:192,45
DA:193,0
DA:194,45
DA:199,12
DA:200,12
DA:201,12
DA:202,12
DA:203,4
DA:205,8
DA:199,16
DA:200,16
DA:201,16
DA:202,16
DA:203,5
DA:205,11
DA:223,12
DA:225,12
DA:223,16
DA:225,16
DA:229,17
DA:231,17
DA:229,22
DA:231,22
DA:235,6
DA:237,6
DA:235,6
DA:237,6
DA:241,75
DA:243,75
DA:245,75
DA:241,88
DA:243,88
DA:245,88
DA:256,12
DA:258,12
DA:259,12
DA:260,12
DA:270,7
DA:272,7
DA:273,7
DA:274,7
DA:287,8
DA:288,8
DA:289,0
DA:290,8
DA:295,5
DA:296,5
DA:297,5
DA:298,5
DA:299,2
DA:301,3
DA:316,5
DA:318,5
DA:322,7
DA:324,7
DA:329,2
DA:330,2
DA:335,12
DA:336,12
DA:341,3
DA:343,3
DA:344,0
DA:346,3
DA:347,2
DA:348,2
DA:349,2
DA:350,7
DA:351,5
DA:352,5
DA:353,3
DA:355,2
DA:358,2
DA:341,1
DA:343,1
DA:344,0
DA:346,1
DA:347,0
DA:348,0
DA:349,0
DA:350,0
DA:351,0
DA:352,0
DA:353,0
DA:355,0
DA:358,0
DA:362,1
DA:366,1
DA:367,1
DA:369,0
DA:370,0
DA:372,1
DA:373,1
DA:374,1
DA:362,1
DA:366,1
DA:367,1
DA:369,0
DA:370,0
DA:372,1
DA:373,1
DA:374,1
DA:378,18
DA:381,18
DA:382,19
DA:383,1
DA:385,18
DA:386,18
DA:387,18
DA:378,17
DA:381,17
DA:382,17
DA:383,0
DA:385,17
DA:386,17
DA:387,17
DA:392,17
DA:395,17
DA:396,43
DA:397,26
DA:399,17
DA:400,17
DA:401,17
DA:392,16
DA:395,16
DA:396,52
DA:397,36
DA:399,16
DA:400,16
DA:401,16
DA:406,17
DA:407,17
DA:408,11
DA:409,1
DA:410,2
DA:411,1
DA:412,1
DA:414,1
DA:406,16
DA:407,16
DA:408,11
DA:409,0
DA:410,0
DA:411,0
DA:412,0
DA:414,0
DA:448,35
DA:449,35
DA:450,15
DA:451,15
DA:452,15
DA:454,35
DA:448,39
DA:449,39
DA:450,16
DA:451,16
DA:452,16
DA:454,39
DA:448,52
DA:449,52
DA:450,20
DA:451,20
DA:452,20
DA:454,52
end_of_record
TN:s21_containers_test
SF:/home/sonikxx/Desktop/s21/CPP/CPP2_s21_containers-1/src/s21_queue/s21_queue.tpp
FN:8,_ZN3s215QueueIiEC2Ev
FNDA:10,_ZN3s215QueueIiEC2Ev
FN:15,_ZN3s215QueueIiEC2ERKSt16initializer_listIiE
FNDA:10,_ZN3s215QueueIiEC2ERKSt16initializer_listIiE
FN:26,_ZN3s215QueueIiEC2ERKS1_
FNDA:2,_ZN3s215QueueIiEC2ERKS1_
FN:44,_ZN3s215QueueIiEC2EOS1_
FNDA:1,_ZN3s215QueueIiEC2EOS1_
FN:53,_ZN3s215QueueIiED2Ev
FNDA:23,_ZN3s215QueueIiED2Ev
FN:63,_ZN3s215QueueIiEaSEOS1_
FNDA:2,_ZN3s215QueueIiEaSEOS1_
FN:74,_ZN3s215QueueIiE5frontEv
FNDA:2,_ZN3s215QueueIiE5frontEv
FN:83,_ZN3s215QueueIiE4backEv
FNDA:5,_ZN3s215QueueIiE4backEv
FN:93,_ZN3s215QueueIiE5emptyEv
FNDA:2,_ZN3s215QueueIiE5emptyEv
FN:103,_ZN3s215QueueIiE4sizeEv
FNDA:8,_ZN3s215QueueIiE4sizeEv
FN:116,_ZN3s215QueueIiE4pushERKi
FNDA:3,_ZN3s215QueueIiE4pushERKi
FN:128,_ZN3s215QueueIiE3popEv
FNDA:3,_ZN3s215QueueIiE3popEv
FN:145,_ZN3s215QueueIiE4swapERS1_
FNDA:1,_ZN3s215QueueIiE4swapERS1_
DA:8,10
DA:9,10
DA:10,10
DA:11,10
DA:15,10
DA:16,10
DA:17,10
DA:18,50
DA:19,40
DA:20,40
DA:22,10
DA:26,2
DA:27,2
DA:28,1
DA:29,1
DA:31,1
DA:32,1
DA:33,1
DA:34,5
DA:35,4
DA:36,4
DA:37,4
DA:40,2
DA:44,1
DA:45,1
DA:46,1
DA:47,1
DA:48,1
DA:49,1
DA:53,23
DA:54,79
DA:55,56
DA:56,56
DA:57,56
DA:59,23
DA:63,2
DA:64,2
DA:65,2
DA:66,2
DA:67,2
DA:68,2
DA:74,2
DA:75,2
DA:76,1
DA:78,1
DA:83,5
DA:84,5
DA:85,1
DA:87,4
DA:93,2
DA:94,2
DA:95,1
DA:97,1
DA:103,8
DA:104,8
DA:105,8
DA:106,39
DA:107,31
DA:108,31
DA:110,8
DA:116,3
DA:117,3
DA:118,2
DA:119,2
DA:121,1
DA:122,1
DA:124,3
DA:128,3
DA:129,3
DA:130,1
DA:132,2
DA:133,1
DA:134,1
DA:135,1
DA:137,1
DA:138,1
DA:139,1
DA:141,2
DA:145,1
DA:146,1
DA:147,1
DA:148,1
DA:149,1
DA:150,1
DA:151,1
DA:152,1
end_of_record
SF:/home/sonikxx/Desktop/s21/CPP/CPP2_s21_containers-1/src/tests/s21_queue_test.cpp
FN:5,_ZN29Queue_DefaultConstructor_TestC2Ev
FNDA:1,_ZN29Queue_DefaultConstructor_TestC2Ev
FN:5,_ZN29Queue_DefaultConstructor_Test8TestBodyEv
FNDA:1,_ZN29Queue_DefaultConstructor_Test8TestBodyEv
FN:5,_ZN29Queue_DefaultConstructor_TestD2Ev
FNDA:1,_ZN29Queue_DefaultConstructor_TestD2Ev
FN:5,_ZN29Queue_DefaultConstructor_TestD0Ev
FNDA:1,_ZN29Queue_DefaultConstructor_TestD0Ev
FN:10,_ZN38Queue_InitializerQueueConstructor_TestC2Ev
FNDA:1,_ZN38Queue_InitializerQueueConstructor_TestC2Ev
FN:10,_ZN38Queue_InitializerQueueConstructor_Test8TestBodyEv
FNDA:1,_ZN38Queue_InitializerQueueConstructor_Test8TestBodyEv
FN:10,_ZN38Queue_InitializerQueueConstructor_TestD2Ev
FNDA:1,_ZN38Queue_InitializerQueueConstructor_TestD2Ev
FN:10,_ZN38Queue_InitializerQueueConstructor_TestD0Ev
FNDA:1,_ZN38Queue_InitializerQueueConstructor_TestD0Ev
FN:22,_ZN26Queue_CopyConstructor_TestC2Ev
FNDA:1,_ZN26Queue_CopyConstructor_TestC2Ev
FN:22,_ZN26Queue_CopyConstructor_Test8TestBodyEv
FNDA:1,_ZN26Queue_CopyConstructor_Test8TestBodyEv
FN:22,_ZN26Queue_CopyConstructor_TestD0Ev
FNDA:1,_ZN26Queue_CopyConstructor_TestD0Ev
FN:22,_ZN26Queue_CopyConstructor_TestD2Ev
FNDA:1,_ZN26Queue_CopyConstructor_TestD2Ev
FN:33,_ZN26Queue_MoveConstructor_TestC2Ev
FNDA:1,_ZN26Queue_MoveConstructor_TestC2Ev
FN:33,_ZN26Queue_MoveConstructor_Test8TestBodyEv
FNDA:1,_ZN26Queue_MoveConstructor_Test8TestBodyEv
FN:33,_ZN26Queue_MoveConstructor_TestD0Ev
FNDA:1,_ZN26Queue_MoveConstructor_TestD0Ev
FN:33,_ZN26Queue_MoveConstructor_TestD2Ev
FNDA:1,_ZN26Queue_MoveConstructor_TestD2Ev
FN:39,_ZN25Queue_MoveAssignment_TestD2Ev
FNDA:1,_ZN25Queue_MoveAssignment_TestD2Ev
FN:39,_ZN25Queue_MoveAssignment_Test8TestBodyEv
FNDA:1,_ZN25Queue_MoveAssignment_Test8TestBodyEv
FN:39,_ZN25Queue_MoveAssignment_TestD0Ev
FNDA:1,_ZN25Queue_MoveAssignment_TestD0Ev
FN:39,_ZN25Queue_MoveAssignment_TestC2Ev
FNDA:1,_ZN25Queue_MoveAssignment_TestC2Ev
FN:47,_ZN23Queue_FrontElement_TestD0Ev
FNDA:1,_ZN23Queue_FrontElement_TestD0Ev
FN:47,_ZN23Queue_FrontElement_TestD2Ev
FNDA:1,_ZN23Queue_FrontElement_TestD2Ev
FN:47,_ZN23Queue_FrontElement_TestC2Ev
FNDA:1,_ZN23Queue_FrontElement_TestC2Ev
FN:47,_ZN23Queue_FrontElement_Test8TestBodyEv
FNDA:1,_ZN23Queue_FrontElement_Test8TestBodyEv
FN:55,_ZN22Queue_BackElement_TestD0Ev
FNDA:1,_ZN22Queue_BackElement_TestD0Ev
FN:55,_ZN22Queue_BackElement_TestD2Ev
FNDA:1,_ZN22Queue_BackElement_TestD2Ev
FN:55,_ZN22Queue_BackElement_TestC2Ev
FNDA:1,_ZN22Queue_BackElement_TestC2Ev
FN:55,_ZN22Queue_BackElement_Test8TestBodyEv
FNDA:1,_ZN22Queue_BackElement_Test8TestBodyEv
FN:63,_ZN22Queue_PushElement_TestD0Ev
FNDA:1,_ZN22Queue_PushElement_TestD0Ev
FN:63,_ZN22Queue_PushElement_Test8TestBodyEv
FNDA:1,_ZN22Queue_PushElement_Test8TestBodyEv
FN:63,_ZN22Queue_PushElement_TestD2Ev
FNDA:1,_ZN22Queue_PushElement_TestD2Ev
FN:63,_ZN22Queue_PushElement_TestC2Ev
FNDA:1,_ZN22Queue_PushElement_TestC2Ev
FN:73,_ZN21Queue_PopElement_Test8TestBodyEv
FNDA:1,_ZN21Queue_PopElement_Test8TestBodyEv
FN:73,_ZN21Queue_PopElement_TestD2Ev
FNDA:1,_ZN21Queue_PopElement_TestD2Ev
FN:73,_ZN21Queue_PopElement_TestD0Ev
FNDA:1,_ZN21Queue_PopElement_TestD0Ev
FN:73,_ZN21Queue_PopElement_TestC2Ev
FNDA:1,_ZN21Queue_PopElement_TestC2Ev
FN:88,_ZN23Queue_SwapElements_Test8TestBodyEv
FNDA:1,_ZN23Queue_SwapElements_Test8TestBodyEv
FN:88,_ZN23Queue_SwapElements_TestD2Ev
FNDA:1,_ZN23Queue_SwapElements_TestD2Ev
FN:88,_ZN23Queue_SwapElements_TestD0Ev
FNDA:1,_ZN23Queue_SwapElements_TestD0Ev
FN:88,_ZN23Queue_SwapElements_TestC2Ev
FNDA:1,_ZN23Queue_SwapElements_TestC2Ev
DA:5,1
DA:5,1
DA:5,1
DA:5,1
DA:6,1
DA:7,1
DA:8,1
DA:10,1
DA:10,1
DA:10,1
DA:10,1
DA:11,1
DA:12,1
DA:13,1
DA:15,2
DA:16,1
DA:17,1
DA:18,1
DA:19,1
DA:20,1
DA:22,1
DA:22,1
DA:22,1
DA:22,1
DA:23,1
DA:24,1
DA:25,1
DA:27,2
DA:28,2
DA:29,1
DA:30,1
DA:31,1
DA:33,1
DA:33,1
DA:33,1
DA:33,1
DA:34,1
DA:35,1
DA:36,1
DA:37,1
DA:39,1
DA:39,1
DA:39,1
DA:39,1
DA:40,1
DA:41,1
DA:42,1
DA:43,1
DA:44,1
DA:45,1
DA:47,1
DA:47,1
DA:47,1
DA:47,1
DA:48,1
DA:49,1
DA:51,2
DA:52,1
DA:53,1
DA:55,1
DA:55,1
DA:55,1
DA:55,1
DA:56,1
DA:57,1
DA:59,2
DA:60,1
DA:61,1
DA:63,1
DA:63,1
DA:63,1
DA:63,1
DA:64,1
DA:65,1
DA:66,1
DA:68,2
DA:69,1
DA:70,1
DA:71,1
DA:73,1
DA:73,1
DA:73,1
DA:73,1
DA:74,1
DA:75,1
DA:76,1
DA:78,2
DA:79,1
DA:81,2
DA:82,1
DA:83,1
DA:84,1
DA:85,1
DA:86,1
DA:88,1
DA:88,1
DA:88,1
DA:88,1
DA:89,1
DA:90,1
DA:91,1
DA:92,1
DA:93,1
DA:94,1
end_of_record
SF:/home/sonikxx/Desktop/s21/CPP/CPP2_s21_containers-1/src/s21_queue/queue_node.tpp
FN:9,_ZN4NodeIiEC2Ei
FNDA:92,_ZN4NodeIiEC2Ei
DA:9,92
end_of_record
TN:s21_containers_test
SF:/home/sonikxx/Desktop/s21/CPP/CPP2_s21_containers-1/src/binary_tree.h
end_of_record
SF:/home/sonikxx/Desktop/s21/CPP/CPP2_s21_containers-1/src/s21_set/s21_set.h
FN:18,_ZN3s213setIdEC2Ev
FNDA:2,_ZN3s213setIdEC2Ev
FN:18,_ZN3s213setIcEC2Ev
FNDA:4,_ZN3s213setIcEC2Ev
FN:22,_ZN3s213setIdED2Ev
FNDA:8,_ZN3s213setIdED2Ev
FN:22,_ZN3s213setINSt7__cxx1112basic_stringIcSt11char_traitsIcESaIcEEEED2Ev
FNDA:2,_ZN3s213setINSt7__cxx1112basic_stringIcSt11char_traitsIcESaIcEEEED2Ev
FN:22,_ZN3s213setIiED2Ev
FNDA:18,_ZN3s213setIiED2Ev
FN:22,_ZN3s213setIcED2Ev
FNDA:5,_ZN3s213setIcED2Ev
DA:18,2
DA:18,4
DA:22,8
DA:22,2
DA:22,18
DA:22,5
end_of_record
SF:/home/sonikxx/Desktop/s21/CPP/CPP2_s21_containers-1/src/s21_set/s21_set.tpp
FN:6,_ZN3s213setIdEC2ERKSt16initializer_listIdE
FNDA:6,_ZN3s213setIdEC2ERKSt16initializer_listIdE
FN:6,_ZN3s213setINSt7__cxx1112basic_stringIcSt11char_traitsIcESaIcEEEEC2ERKSt16initializer_listIS6_E
FNDA:2,_ZN3s213setINSt7__cxx1112basic_stringIcSt11char_traitsIcESaIcEEEEC2ERKSt16initializer_listIS6_E
FN:6,_ZN3s213setIiEC2ERKSt16initializer_listIiE
FNDA:15,_ZN3s213setIiEC2ERKSt16initializer_listIiE
FN:6,_ZN3s213setIcEC2ERKSt16initializer_listIcE
FNDA:1,_ZN3s213setIcEC2ERKSt16initializer_listIcE
FN:13,_ZN3s213setIiEC2ERKS1_
FNDA:2,_ZN3s213setIiEC2ERKS1_
FN:22,_ZN3s213setIiEC2EOS1_
FNDA:1,_ZN3s213setIiEC2EOS1_
FN:35,_ZN3s213setIiE5mergeERS1_
FNDA:1,_ZN3s213setIiE5mergeERS1_
FN:46,_ZN3s213setIdE6insertERKd
FNDA:36,_ZN3s213setIdE6insertERKd
FN:46,_ZN3s213setIiE6insertERKi
FNDA:90,_ZN3s213setIiE6insertERKi
FN:46,_ZN3s213setINSt7__cxx1112basic_stringIcSt11char_traitsIcESaIcEEEE6insertERKS6_
FNDA:10,_ZN3s213setINSt7__cxx1112basic_stringIcSt11char_traitsIcESaIcEEEE6insertERKS6_
FN:46,_ZN3s213setIcE6insertERKc
FNDA:6,_ZN3s213setIcE6insertERKc
FN:54,_ZN3s213setIdE4findERKd
FNDA:6,_ZN3s213setIdE4findERKd
FN:54,_ZN3s213setIiE4findERKi
FNDA:7,_ZN3s213setIiE4findERKi
FN:63,_ZN3s213setIdE8containsERKd
FNDA:4,_ZN3s213setIdE8containsERKd
DA:6,6
DA:7,42
DA:8,36
DA:10,6
DA:6,2
DA:7,10
DA:8,8
DA:10,2
DA:6,15
DA:7,94
DA:8,79
DA:10,15
DA:6,1
DA:7,5
DA:8,4
DA:10,1
DA:13,2
DA:14,10
DA:15,8
DA:17,2
DA:22,1
DA:23,1
DA:24,1
DA:25,1
DA:26,1
DA:35,1
DA:36,1
DA:37,4
DA:38,3
DA:39,3
DA:42,1
DA:43,1
DA:46,36
DA:48,36
DA:49,36
DA:50,36
DA:46,90
DA:48,90
DA:49,90
DA:50,90
DA:46,10
DA:48,10
DA:49,10
DA:50,10
DA:46,6
DA:48,6
DA:49,6
DA:50,6
DA:54,6
DA:55,6
DA:56,6
DA:57,4
DA:59,2
DA:54,7
DA:55,7
DA:56,7
DA:57,0
DA:59,7
DA:63,4
DA:64,4
DA:65,4
DA:66,2
DA:68,2
end_of_record
SF:/home/sonikxx/Desktop/s21/CPP/CPP2_s21_containers-1/src/binary_tree.tpp
FN:7,_ZN3s214TreeIccEC2Ev
FNDA:5,_ZN3s214TreeIccEC2Ev
FN:7,_ZN3s214TreeIiiEC2Ev
FNDA:18,_ZN3s214TreeIiiEC2Ev
FN:7,_ZN3s214TreeINSt7__cxx1112basic_stringIcSt11char_traitsIcESaIcEEES6_EC2Ev
FNDA:2,_ZN3s214TreeINSt7__cxx1112basic_stringIcSt11char_traitsIcESaIcEEES6_EC2Ev
FN:7,_ZN3s214TreeIddEC2Ev
FNDA:8,_ZN3s214TreeIddEC2Ev
FN:13,_ZN3s214TreeIccED2Ev
FNDA:5,_ZN3s214TreeIccED2Ev
FN:13,_ZN3s214TreeIiiED2Ev
FNDA:18,_ZN3s214TreeIiiED2Ev
FN:13,_ZN3s214TreeINSt7__cxx1112basic_stringIcSt11char_traitsIcESaIcEEES6_ED2Ev
FNDA:2,_ZN3s214TreeINSt7__cxx1112basic_stringIcSt11char_traitsIcESaIcEEES6_ED2Ev
FN:13,_ZN3s214TreeIddED2Ev
FNDA:8,_ZN3s214TreeIddED2Ev
FN:18,_ZN3s214TreeIiiE4swapERS1_
FNDA:3,_ZN3s214TreeIiiE4swapERS1_
FN:25,_ZN3s214TreeIccE5emptyEv
FNDA:12,_ZN3s214TreeIccE5emptyEv
FN:25,_ZN3s214TreeINSt7__cxx1112basic_stringIcSt11char_traitsIcESaIcEEES6_E5emptyEv
FNDA:10,_ZN3s214TreeINSt7__cxx1112basic_stringIcSt11char_traitsIcESaIcEEES6_E5emptyEv
FN:25,_ZN3s214TreeIiiE5emptyEv
FNDA:107,_ZN3s214TreeIiiE5emptyEv
FN:25,_ZN3s214TreeIddE5emptyEv
FNDA:46,_ZN3s214TreeIddE5emptyEv
FN:30,_ZN3s214TreeIiiE4sizeEv
FNDA:11,_ZN3s214TreeIiiE4sizeEv
FN:30,_ZN3s214TreeIccE4sizeEv
FNDA:7,_ZN3s214TreeIccE4sizeEv
FN:41,_ZN3s214TreeIccE5clearEv
FNDA:2,_ZN3s214TreeIccE5clearEv
FN:53,_ZN3s214TreeIiiE5eraseENS1_11BinIteratorE
FNDA:8,_ZN3s214TreeIiiE5eraseENS1_11BinIteratorE
FN:62,_ZN3s214TreeINSt7__cxx1112basic_stringIcSt11char_traitsIcESaIcEEES6_E10bin_insertES6_
FNDA:10,_ZN3s214TreeINSt7__cxx1112basic_stringIcSt11char_traitsIcESaIcEEES6_E10bin_insertES6_
FN:62,_ZN3s214TreeIccE10bin_insertEc
FNDA:6,_ZN3s214TreeIccE10bin_insertEc
FN:62,_ZN3s214TreeIddE10bin_insertEd
FNDA:36,_ZN3s214TreeIddE10bin_insertEd
FN:62,_ZN3s214TreeIiiE10bin_insertEi
FNDA:90,_ZN3s214TreeIiiE10bin_insertEi
FN:99,_ZN3s214TreeIiiE13bin_tree_findEi
FNDA:17,_ZN3s214TreeIiiE13bin_tree_findEi
FN:99,_ZN3s214TreeIddE13bin_tree_findEd
FNDA:10,_ZN3s214TreeIddE13bin_tree_findEd
FN:121,_ZN3s214TreeIiiE10bin_removeEi
FNDA:10,_ZN3s214TreeIiiE10bin_removeEi
FN:150,_ZN3s214TreeIiiE4NodeC2Ev
FNDA:18,_ZN3s214TreeIiiE4NodeC2Ev
FN:150,_ZN3s214TreeINSt7__cxx1112basic_stringIcSt11char_traitsIcESaIcEEES6_E4NodeC2Ev
FNDA:2,_ZN3s214TreeINSt7__cxx1112basic_stringIcSt11char_traitsIcESaIcEEES6_E4NodeC2Ev
FN:150,_ZN3s214TreeIccE4NodeC2Ev
FNDA:5,_ZN3s214TreeIccE4NodeC2Ev
FN:150,_ZN3s214TreeIddE4NodeC2Ev
FNDA:8,_ZN3s214TreeIddE4NodeC2Ev
FN:156,_ZN3s214TreeINSt7__cxx1112basic_stringIcSt11char_traitsIcESaIcEEES6_E4NodeC2ES6_
FNDA:9,_ZN3s214TreeINSt7__cxx1112basic_stringIcSt11char_traitsIcESaIcEEES6_E4NodeC2ES6_
FN:156,_ZN3s214TreeIiiE4NodeC2Ei
FNDA:90,_ZN3s214TreeIiiE4NodeC2Ei
FN:156,_ZN3s214TreeIddE4NodeC2Ed
FNDA:36,_ZN3s214TreeIddE4NodeC2Ed
FN:156,_ZN3s214TreeIccE4NodeC2Ec
FNDA:6,_ZN3s214TreeIccE4NodeC2Ec
FN:164,_ZN3s214TreeIccE11BinIteratorC2Ev
FNDA:6,_ZN3s214TreeIccE11BinIteratorC2Ev
FN:164,_ZN3s214TreeIiiE11BinIteratorC2Ev
FNDA:122,_ZN3s214TreeIiiE11BinIteratorC2Ev
FN:164,_ZN3s214TreeINSt7__cxx1112basic_stringIcSt11char_traitsIcESaIcEEES6_E11BinIteratorC2Ev
FNDA:3,_ZN3s214TreeINSt7__cxx1112basic_stringIcSt11char_traitsIcESaIcEEES6_E11BinIteratorC2Ev
FN:170,_ZN3s214TreeIiiE11BinIteratorC2EPNS1_4NodeEPS1_
FNDA:362,_ZN3s214TreeIiiE11BinIteratorC2EPNS1_4NodeEPS1_
FN:170,_ZN3s214TreeIddE11BinIteratorC2EPNS1_4NodeEPS1_
FNDA:48,_ZN3s214TreeIddE11BinIteratorC2EPNS1_4NodeEPS1_
FN:170,_ZN3s214TreeIccE11BinIteratorC2EPNS1_4NodeEPS1_
FNDA:25,_ZN3s214TreeIccE11BinIteratorC2EPNS1_4NodeEPS1_
FN:170,_ZN3s214TreeINSt7__cxx1112basic_stringIcSt11char_traitsIcESaIcEEES6_E11BinIteratorC2EPNS7_4NodeEPS7_
FNDA:18,_ZN3s214TreeINSt7__cxx1112basic_stringIcSt11char_traitsIcESaIcEEES6_E11BinIteratorC2EPNS7_4NodeEPS7_
FN:176,_ZN3s214TreeINSt7__cxx1112basic_stringIcSt11char_traitsIcESaIcEEES6_E11BinIteratorC2ERKS8_
FNDA:10,_ZN3s214TreeINSt7__cxx1112basic_stringIcSt11char_traitsIcESaIcEEES6_E11BinIteratorC2ERKS8_
FN:176,_ZN3s214TreeIccE11BinIteratorC2ERKS2_
FNDA:6,_ZN3s214TreeIccE11BinIteratorC2ERKS2_
FN:176,_ZN3s214TreeIiiE11BinIteratorC2ERKS2_
FNDA:90,_ZN3s214TreeIiiE11BinIteratorC2ERKS2_
FN:176,_ZN3s214TreeIddE11BinIteratorC2ERKS2_
FNDA:36,_ZN3s214TreeIddE11BinIteratorC2ERKS2_
FN:183,_ZN3s214TreeINSt7__cxx1112basic_stringIcSt11char_traitsIcESaIcEEES6_E11BinIteratoraSEOS8_
FNDA:2,_ZN3s214TreeINSt7__cxx1112basic_stringIcSt11char_traitsIcESaIcEEES6_E11BinIteratoraSEOS8_
FN:191,_ZN3s214TreeIddE11BinIteratordeEv
FNDA:2,_ZN3s214TreeIddE11BinIteratordeEv
FN:191,_ZN3s214TreeIiiE11BinIteratordeEv
FNDA:101,_ZN3s214TreeIiiE11BinIteratordeEv
FN:191,_ZN3s214TreeIccE11BinIteratordeEv
FNDA:7,_ZN3s214TreeIccE11BinIteratordeEv
FN:191,_ZN3s214TreeINSt7__cxx1112basic_stringIcSt11char_traitsIcESaIcEEES6_E11BinIteratordeEv
FNDA:5,_ZN3s214TreeINSt7__cxx1112basic_stringIcSt11char_traitsIcESaIcEEES6_E11BinIteratordeEv
FN:199,_ZN3s214TreeIiiE11BinIteratorppEv
FNDA:46,_ZN3s214TreeIiiE11BinIteratorppEv
FN:199,_ZN3s214TreeIccE11BinIteratorppEv
FNDA:4,_ZN3s214TreeIccE11BinIteratorppEv
FN:210,_ZN3s214TreeINSt7__cxx1112basic_stringIcSt11char_traitsIcESaIcEEES6_E11BinIteratormmEv
FNDA:1,_ZN3s214TreeINSt7__cxx1112basic_stringIcSt11char_traitsIcESaIcEEES6_E11BinIteratormmEv
FN:210,_ZN3s214TreeIiiE11BinIteratormmEv
FNDA:9,_ZN3s214TreeIiiE11BinIteratormmEv
FN:223,_ZNK3s214TreeIiiE11BinIteratoreqERKS2_
FNDA:56,_ZNK3s214TreeIiiE11BinIteratoreqERKS2_
FN:223,_ZNK3s214TreeIccE11BinIteratoreqERKS2_
FNDA:4,_ZNK3s214TreeIccE11BinIteratoreqERKS2_
FN:223,_ZNK3s214TreeINSt7__cxx1112basic_stringIcSt11char_traitsIcESaIcEEES6_E11BinIteratoreqERKS8_
FNDA:1,_ZNK3s214TreeINSt7__cxx1112basic_stringIcSt11char_traitsIcESaIcEEES6_E11BinIteratoreqERKS8_
FN:223,_ZNK3s214TreeIddE11BinIteratoreqERKS2_
FNDA:4,_ZNK3s214TreeIddE11BinIteratoreqERKS2_
FN:229,_ZNK3s214TreeIccE11BinIteratorneERKS2_
FNDA:5,_ZNK3s214TreeIccE11BinIteratorneERKS2_
FN:229,_ZNK3s214TreeIiiE11BinIteratorneERKS2_
FNDA:71,_ZNK3s214TreeIiiE11BinIteratorneERKS2_
FN:235,_ZNK3s214TreeINSt7__cxx1112basic_stringIcSt11char_traitsIcESaIcEEES6_E5beginEv
FNDA:1,_ZNK3s214TreeINSt7__cxx1112basic_stringIcSt11char_traitsIcESaIcEEES6_E5beginEv
FN:235,_ZNK3s214TreeIiiE5beginEv
FNDA:21,_ZNK3s214TreeIiiE5beginEv
FN:235,_ZNK3s214TreeIccE5beginEv
FNDA:1,_ZNK3s214TreeIccE5beginEv
FN:241,_ZNK3s214TreeIiiE3endEv
FNDA:249,_ZNK3s214TreeIiiE3endEv
FN:241,_ZNK3s214TreeINSt7__cxx1112basic_stringIcSt11char_traitsIcESaIcEEES6_E3endEv
FNDA:7,_ZNK3s214TreeINSt7__cxx1112basic_stringIcSt11char_traitsIcESaIcEEES6_E3endEv
FN:241,_ZNK3s214TreeIccE3endEv
FNDA:17,_ZNK3s214TreeIccE3endEv
FN:241,_ZNK3s214TreeIddE3endEv
FNDA:10,_ZNK3s214TreeIddE3endEv
FN:256,_ZN3s214TreeIiiE16ConstBinIteratorC2EPKNS1_4NodeEPKS1_
FNDA:19,_ZN3s214TreeIiiE16ConstBinIteratorC2EPKNS1_4NodeEPKS1_
FN:270,_ZN3s214TreeIiiE16ConstBinIteratorC2ERKNS1_11BinIteratorE
FNDA:10,_ZN3s214TreeIiiE16ConstBinIteratorC2ERKNS1_11BinIteratorE
FN:287,_ZN3s214TreeIiiE16ConstBinIteratordeEv
FNDA:15,_ZN3s214TreeIiiE16ConstBinIteratordeEv
FN:295,_ZN3s214TreeIiiE16ConstBinIteratorppEv
FNDA:8,_ZN3s214TreeIiiE16ConstBinIteratorppEv
FN:316,_ZNK3s214TreeIiiE16ConstBinIteratoreqERKS2_
FNDA:8,_ZNK3s214TreeIiiE16ConstBinIteratoreqERKS2_
FN:322,_ZNK3s214TreeIiiE16ConstBinIteratorneERKS2_
FNDA:10,_ZNK3s214TreeIiiE16ConstBinIteratorneERKS2_
FN:329,_ZNK3s214TreeIiiE6cbeginEv
FNDA:2,_ZNK3s214TreeIiiE6cbeginEv
FN:335,_ZNK3s214TreeIiiE4cendEv
FNDA:19,_ZNK3s214TreeIiiE4cendEv
FN:341,_ZNK3s214TreeINSt7__cxx1112basic_stringIcSt11char_traitsIcESaIcEEES6_E10get_parentEPKNS7_4NodeE
FNDA:1,_ZNK3s214TreeINSt7__cxx1112basic_stringIcSt11char_traitsIcESaIcEEES6_E10get_parentEPKNS7_4NodeE
FN:341,_ZNK3s214TreeIiiE10get_parentEPKNS1_4NodeE
FNDA:27,_ZNK3s214TreeIiiE10get_parentEPKNS1_4NodeE
FN:341,_ZNK3s214TreeIccE10get_parentEPKNS1_4NodeE
FNDA:2,_ZNK3s214TreeIccE10get_parentEPKNS1_4NodeE
FN:362,_ZN3s214TreeIiiE12change_childEPNS1_4NodeES3_S3_
FNDA:8,_ZN3s214TreeIiiE12change_childEPNS1_4NodeES3_S3_
FN:378,_ZNK3s214TreeIccE7get_minEPNS1_4NodeE
FNDA:2,_ZNK3s214TreeIccE7get_minEPNS1_4NodeE
FN:378,_ZNK3s214TreeIiiE7get_minEPNS1_4NodeE
FNDA:64,_ZNK3s214TreeIiiE7get_minEPNS1_4NodeE
FN:378,_ZNK3s214TreeINSt7__cxx1112basic_stringIcSt11char_traitsIcESaIcEEES6_E7get_minEPNS7_4NodeE
FNDA:2,_ZNK3s214TreeINSt7__cxx1112basic_stringIcSt11char_traitsIcESaIcEEES6_E7get_minEPNS7_4NodeE
FN:392,_ZNK3s214TreeINSt7__cxx1112basic_stringIcSt11char_traitsIcESaIcEEES6_E7get_maxEPNS7_4NodeE
FNDA:1,_ZNK3s214TreeINSt7__cxx1112basic_stringIcSt11char_traitsIcESaIcEEES6_E7get_maxEPNS7_4NodeE
FN:392,_ZNK3s214TreeIiiE7get_maxEPNS1_4NodeE
FNDA:58,_ZNK3s214TreeIiiE7get_maxEPNS1_4NodeE
FN:392,_ZNK3s214TreeIccE7get_maxEPNS1_4NodeE
FNDA:4,_ZNK3s214TreeIccE7get_maxEPNS1_4NodeE
FN:406,_ZN3s214TreeIccE8get_nextEPKNS1_4NodeE
FNDA:4,_ZN3s214TreeIccE8get_nextEPKNS1_4NodeE
FN:406,_ZN3s214TreeIiiE8get_nextEPKNS1_4NodeE
FNDA:54,_ZN3s214TreeIiiE8get_nextEPKNS1_4NodeE
FN:419,_ZN3s214TreeIiiE8get_prevEPKNS1_4NodeE
FNDA:9,_ZN3s214TreeIiiE8get_prevEPKNS1_4NodeE
FN:419,_ZN3s214TreeINSt7__cxx1112basic_stringIcSt11char_traitsIcESaIcEEES6_E8get_prevEPKNS7_4NodeE
FNDA:1,_ZN3s214TreeINSt7__cxx1112basic_stringIcSt11char_traitsIcESaIcEEES6_E8get_prevEPKNS7_4NodeE
FN:448,_ZN3s214TreeIccE12destroy_nodeEPNS1_4NodeE
FNDA:19,_ZN3s214TreeIccE12destroy_nodeEPNS1_4NodeE
FN:448,_ZN3s214TreeIiiE12destroy_nodeEPNS1_4NodeE
FNDA:182,_ZN3s214TreeIiiE12destroy_nodeEPNS1_4NodeE
FN:448,_ZN3s214TreeINSt7__cxx1112basic_stringIcSt11char_traitsIcESaIcEEES6_E12destroy_nodeEPNS7_4NodeE
FNDA:20,_ZN3s214TreeINSt7__cxx1112basic_stringIcSt11char_traitsIcESaIcEEES6_E12destroy_nodeEPNS7_4NodeE
FN:448,_ZN3s214TreeIddE12destroy_nodeEPNS1_4NodeE
FNDA:80,_ZN3s214TreeIddE12destroy_nodeEPNS1_4NodeE
DA:7,8
DA:8,8
DA:9,8
DA:10,8
DA:7,2
DA:8,2
DA:9,2
DA:10,2
DA:7,18
DA:8,18
DA:9,18
DA:10,18
DA:7,5
DA:8,5
DA:9,5
DA:10,5
DA:13,8
DA:14,8
DA:15,8
DA:13,2
DA:14,2
DA:15,2
DA:13,18
DA:14,18
DA:15,18
DA:13,5
DA:14,5
DA:15,5
DA:18,3
DA:19,3
DA:20,3
DA:21,3
DA:22,3
DA:25,46
DA:26,46
DA:25,107
DA:26,107
DA:25,10
DA:26,10
DA:25,12
DA:26,12
DA:30,11
DA:31,11
DA:30,7
DA:31,7
DA:41,2
DA:42,2
DA:43,2
DA:44,2
DA:45,2
DA:53,8
DA:54,8
DA:55,8
DA:58,8
DA:62,36
DA:63,36
DA:67,36
DA:68,36
DA:69,36
DA:70,6
DA:71,12
DA:73,120
DA:74,90
DA:75,90
DA:76,30
DA:77,30
DA:79,60
DA:81,90
DA:82,0
DA:83,0
DA:84,0
DA:86,0
DA:88,90
DA:89,0
DA:90,0
DA:91,0
DA:94,60
DA:62,90
DA:63,90
DA:67,90
DA:68,90
DA:69,90
DA:70,17
DA:71,34
DA:73,215
DA:74,142
DA:75,102
DA:76,49
DA:77,49
DA:79,53
DA:81,142
DA:82,42
DA:83,24
DA:84,24
DA:86,18
DA:88,142
DA:89,0
DA:90,0
DA:91,0
DA:94,146
DA:62,10
DA:63,10
DA:67,10
DA:68,10
DA:69,10
DA:70,2
DA:71,4
DA:73,21
DA:74,14
DA:75,14
DA:76,6
DA:77,6
DA:79,8
DA:81,14
DA:82,1
DA:83,1
DA:84,1
DA:86,0
DA:88,14
DA:89,1
DA:90,1
DA:91,2
DA:94,14
DA:62,6
DA:63,6
DA:67,6
DA:68,6
DA:69,6
DA:70,3
DA:71,6
DA:73,6
DA:74,3
DA:75,2
DA:76,1
DA:77,1
DA:79,1
DA:81,3
DA:82,2
DA:83,2
DA:84,2
DA:86,0
DA:88,3
DA:89,0
DA:90,0
DA:91,0
DA:94,6
DA:99,10
DA:100,10
DA:101,10
DA:102,8
DA:103,22
DA:104,22
DA:105,18
DA:106,16
DA:108,20
DA:109,2
DA:110,0
DA:112,18
DA:113,4
DA:114,4
DA:117,8
DA:99,17
DA:100,17
DA:101,17
DA:102,17
DA:103,19
DA:104,19
DA:105,4
DA:106,4
DA:108,19
DA:109,6
DA:110,6
DA:112,19
DA:113,17
DA:114,17
DA:117,17
DA:121,10
DA:122,10
DA:123,10
DA:124,10
DA:125,10
DA:126,10
DA:127,3
DA:128,7
DA:129,6
DA:130,4
DA:131,3
DA:132,1
DA:133,1
DA:135,2
DA:136,3
DA:137,1
DA:139,2
DA:140,2
DA:141,2
DA:142,2
DA:143,2
DA:146,10
DA:150,8
DA:151,8
DA:152,8
DA:153,8
DA:150,2
DA:151,2
DA:152,2
DA:153,2
DA:150,18
DA:151,18
DA:152,18
DA:153,18
DA:150,5
DA:151,5
DA:152,5
DA:153,5
DA:156,36
DA:157,36
DA:158,36
DA:159,36
DA:160,36
DA:156,90
DA:157,90
DA:158,90
DA:159,90
DA:160,90
DA:156,9
DA:157,9
DA:158,9
DA:159,9
DA:160,9
DA:156,6
DA:157,6
DA:158,6
DA:159,6
DA:160,6
DA:164,3
DA:165,3
DA:166,3
DA:167,3
DA:164,122
DA:165,122
DA:166,122
DA:167,122
DA:164,6
DA:165,6
DA:166,6
DA:167,6
DA:170,48
DA:171,48
DA:172,48
DA:173,48
DA:170,18
DA:171,18
DA:172,18
DA:173,18
DA:170,362
DA:171,362
DA:172,362
DA:173,362
DA:170,25
DA:171,25
DA:172,25
DA:173,25
DA:176,36
DA:177,36
DA:178,36
DA:179,36
DA:176,10
DA:177,10
DA:178,10
DA:179,10
DA:176,90
DA:177,90
DA:178,90
DA:179,90
DA:176,6
DA:177,6
DA:178,6
DA:179,6
DA:183,2
DA:184,2
DA:185,2
DA:186,2
DA:191,2
DA:192,2
DA:193,0
DA:194,2
DA:191,5
DA:192,5
DA:193,0
DA:194,5
DA:191,101
DA:192,101
DA:193,1
DA:194,100
DA:191,7
DA:192,7
DA:193,0
DA:194,7
DA:199,46
DA:200,46
DA:201,46
DA:202,46
DA:203,9
DA:205,37
DA:199,4
DA:200,4
DA:201,4
DA:202,4
DA:203,1
DA:205,3
DA:210,9
DA:211,9
DA:212,9
DA:213,9
DA:214,1
DA:219,8
DA:210,1
DA:211,1
DA:212,1
DA:213,1
DA:214,0
DA:219,1
DA:223,1
DA:225,1
DA:223,4
DA:225,4
DA:223,4
DA:225,4
DA:223,56
DA:225,56
DA:229,71
DA:231,71
DA:229,5
DA:231,5
DA:235,1
DA:237,1
DA:235,21
DA:237,21
DA:235,1
DA:237,1
DA:241,10
DA:243,10
DA:245,10
DA:241,7
DA:243,7
DA:245,7
DA:241,249
DA:243,249
DA:245,249
DA:241,17
DA:243,17
DA:245,17
DA:256,19
DA:258,19
DA:259,19
DA:260,19
DA:270,10
DA:272,10
DA:273,10
DA:274,10
DA:287,15
DA:288,15
DA:289,1
DA:290,14
DA:295,8
DA:296,8
DA:297,8
DA:298,8
DA:299,2
DA:301,6
DA:316,8
DA:318,8
DA:322,10
DA:324,10
DA:329,2
DA:330,2
DA:335,19
DA:336,19
DA:341,1
DA:343,1
DA:344,1
DA:346,0
DA:347,0
DA:348,0
DA:349,0
DA:350,0
DA:351,0
DA:352,0
DA:353,0
DA:355,0
DA:358,0
DA:341,27
DA:343,27
DA:344,1
DA:346,26
DA:347,21
DA:348,21
DA:349,21
DA:350,58
DA:351,37
DA:352,37
DA:353,11
DA:355,26
DA:358,21
DA:341,2
DA:343,2
DA:344,0
DA:346,2
DA:347,2
DA:348,2
DA:349,2
DA:350,5
DA:351,3
DA:352,3
DA:353,1
DA:355,2
DA:358,2
DA:362,8
DA:366,8
DA:367,3
DA:369,5
DA:370,5
DA:372,8
DA:373,8
DA:374,8
DA:378,2
DA:381,2
DA:382,2
DA:383,0
DA:385,2
DA:386,2
DA:387,2
DA:378,64
DA:381,64
DA:382,116
DA:383,52
DA:385,64
DA:386,64
DA:387,64
DA:378,2
DA:381,2
DA:382,4
DA:383,2
DA:385,2
DA:386,2
DA:387,2
DA:392,1
DA:395,1
DA:396,4
DA:397,3
DA:399,1
DA:400,1
DA:401,1
DA:392,58
DA:395,58
DA:396,221
DA:397,163
DA:399,58
DA:400,58
DA:401,58
DA:392,4
DA:395,4
DA:396,8
DA:397,4
DA:399,4
DA:400,4
DA:401,4
DA:406,54
DA:407,54
DA:408,43
DA:409,11
DA:410,11
DA:411,0
DA:412,0
DA:414,11
DA:406,4
DA:407,4
DA:408,3
DA:409,2
DA:410,2
DA:411,0
DA:412,0
DA:414,2
DA:419,9
DA:420,9
DA:421,1
DA:423,8
DA:424,5
DA:425,6
DA:426,1
DA:427,1
DA:429,5
DA:419,1
DA:420,1
DA:421,0
DA:423,1
DA:424,1
DA:425,1
DA:426,0
DA:427,0
DA:429,1
DA:448,80
DA:449,80
DA:450,36
DA:451,36
DA:452,36
DA:454,80
DA:448,20
DA:449,20
DA:450,9
DA:451,9
DA:452,9
DA:454,20
DA:448,182
DA:449,182
DA:450,82
DA:451,82
DA:452,82
DA:454,182
DA:448,19
DA:449,19
DA:450,6
DA:451,6
DA:452,6
DA:454,19
end_of_record
SF:/home/sonikxx/Desktop/s21/CPP/CPP2_s21_containers-1/src/tests/s21_set_test.cpp
FN:9,_ZN27set_ConstructorDefault_TestC2Ev
FNDA:1,_ZN27set_ConstructorDefault_TestC2Ev
FN:9,_ZN27set_ConstructorDefault_Test8TestBodyEv
FNDA:1,_ZN27set_ConstructorDefault_Test8TestBodyEv
FN:9,_ZN27set_ConstructorDefault_TestD2Ev
FNDA:1,_ZN27set_ConstructorDefault_TestD2Ev
FN:9,_ZN27set_ConstructorDefault_TestD0Ev
FNDA:1,_ZN27set_ConstructorDefault_TestD0Ev
FN:18,_ZN31set_ConstructorInitializer_TestC2Ev
FNDA:1,_ZN31set_ConstructorInitializer_TestC2Ev
FN:18,_ZN31set_ConstructorInitializer_Test8TestBodyEv
FNDA:1,_ZN31set_ConstructorInitializer_Test8TestBodyEv
FN:18,_ZN31set_ConstructorInitializer_TestD2Ev
FNDA:1,_ZN31set_ConstructorInitializer_TestD2Ev
FN:18,_ZN31set_ConstructorInitializer_TestD0Ev
FNDA:1,_ZN31set_ConstructorInitializer_TestD0Ev
FN:29,_ZN32set_ConstructorInitializer2_TestD0Ev
FNDA:1,_ZN32set_ConstructorInitializer2_TestD0Ev
FN:29,_ZN32set_ConstructorInitializer2_TestC2Ev
FNDA:1,_ZN32set_ConstructorInitializer2_TestC2Ev
FN:29,_ZN32set_ConstructorInitializer2_TestD2Ev
FNDA:1,_ZN32set_ConstructorInitializer2_TestD2Ev
FN:29,_ZN32set_ConstructorInitializer2_Test8TestBodyEv
FNDA:1,_ZN32set_ConstructorInitializer2_Test8TestBodyEv
FN:35,_ZN24set_ConstructorCopy_TestD2Ev
FNDA:1,_ZN24set_ConstructorCopy_TestD2Ev
FN:35,_ZN24set_ConstructorCopy_Test8TestBodyEv
FNDA:1,_ZN24set_ConstructorCopy_Test8TestBodyEv
FN:35,_ZN24set_ConstructorCopy_TestC2Ev
FNDA:1,_ZN24set_ConstructorCopy_TestC2Ev
FN:35,_ZN24set_ConstructorCopy_TestD0Ev
FNDA:1,_ZN24set_ConstructorCopy_TestD0Ev
FN:48,_ZN24set_ConstructorMove_Test8TestBodyEv
FNDA:1,_ZN24set_ConstructorMove_Test8TestBodyEv
FN:48,_ZN24set_ConstructorMove_TestC2Ev
FNDA:1,_ZN24set_ConstructorMove_TestC2Ev
FN:48,_ZN24set_ConstructorMove_TestD2Ev
FNDA:1,_ZN24set_ConstructorMove_TestD2Ev
FN:48,_ZN24set_ConstructorMove_TestD0Ev
FNDA:1,_ZN24set_ConstructorMove_TestD0Ev
FN:62,_ZN21set_SetIterators_Test8TestBodyEv
FNDA:1,_ZN21set_SetIterators_Test8TestBodyEv
FN:62,_ZN21set_SetIterators_TestC2Ev
FNDA:1,_ZN21set_SetIterators_TestC2Ev
FN:62,_ZN21set_SetIterators_TestD2Ev
FNDA:1,_ZN21set_SetIterators_TestD2Ev
FN:62,_ZN21set_SetIterators_TestD0Ev
FNDA:1,_ZN21set_SetIterators_TestD0Ev
FN:75,_ZN17set_Capacity_TestD0Ev
FNDA:1,_ZN17set_Capacity_TestD0Ev
FN:75,_ZN17set_Capacity_TestC2Ev
FNDA:1,_ZN17set_Capacity_TestC2Ev
FN:75,_ZN17set_Capacity_TestD2Ev
FNDA:1,_ZN17set_Capacity_TestD2Ev
FN:75,_ZN17set_Capacity_Test8TestBodyEv
FNDA:1,_ZN17set_Capacity_Test8TestBodyEv
FN:86,_ZN14set_Clear_TestC2Ev
FNDA:1,_ZN14set_Clear_TestC2Ev
FN:86,_ZN14set_Clear_TestD0Ev
FNDA:1,_ZN14set_Clear_TestD0Ev
FN:86,_ZN14set_Clear_TestD2Ev
FNDA:1,_ZN14set_Clear_TestD2Ev
FN:86,_ZN14set_Clear_Test8TestBodyEv
FNDA:1,_ZN14set_Clear_Test8TestBodyEv
FN:103,_ZN15set_Insert_TestD0Ev
FNDA:1,_ZN15set_Insert_TestD0Ev
FN:103,_ZN15set_Insert_TestD2Ev
FNDA:1,_ZN15set_Insert_TestD2Ev
FN:103,_ZN15set_Insert_Test8TestBodyEv
FNDA:1,_ZN15set_Insert_Test8TestBodyEv
FN:103,_ZN15set_Insert_TestC2Ev
FNDA:1,_ZN15set_Insert_TestC2Ev
FN:116,_ZN22set_OperatorMinus_TestC2Ev
FNDA:1,_ZN22set_OperatorMinus_TestC2Ev
FN:116,_ZN22set_OperatorMinus_TestD0Ev
FNDA:1,_ZN22set_OperatorMinus_TestD0Ev
FN:116,_ZN22set_OperatorMinus_TestD2Ev
FNDA:1,_ZN22set_OperatorMinus_TestD2Ev
FN:116,_ZN22set_OperatorMinus_Test8TestBodyEv
FNDA:1,_ZN22set_OperatorMinus_Test8TestBodyEv
FN:123,_ZN23set_OperatorMinus2_TestC2Ev
FNDA:1,_ZN23set_OperatorMinus2_TestC2Ev
FN:123,_ZN23set_OperatorMinus2_Test8TestBodyEv
FNDA:1,_ZN23set_OperatorMinus2_Test8TestBodyEv
FN:123,_ZN23set_OperatorMinus2_TestD0Ev
FNDA:1,_ZN23set_OperatorMinus2_TestD0Ev
FN:123,_ZN23set_OperatorMinus2_TestD2Ev
FNDA:1,_ZN23set_OperatorMinus2_TestD2Ev
FN:135,_ZN14set_Erase_Test8TestBodyEv
FNDA:1,_ZN14set_Erase_Test8TestBodyEv
FN:135,_ZN14set_Erase_TestD0Ev
FNDA:1,_ZN14set_Erase_TestD0Ev
FN:135,_ZN14set_Erase_TestD2Ev
FNDA:1,_ZN14set_Erase_TestD2Ev
FN:135,_ZN14set_Erase_TestC2Ev
FNDA:1,_ZN14set_Erase_TestC2Ev
FN:150,_ZN15set_Erase2_TestC2Ev
FNDA:1,_ZN15set_Erase2_TestC2Ev
FN:150,_ZN15set_Erase2_Test8TestBodyEv
FNDA:1,_ZN15set_Erase2_Test8TestBodyEv
FN:150,_ZN15set_Erase2_TestD0Ev
FNDA:1,_ZN15set_Erase2_TestD0Ev
FN:150,_ZN15set_Erase2_TestD2Ev
FNDA:1,_ZN15set_Erase2_TestD2Ev
FN:165,_ZN15set_Erase3_TestD2Ev
FNDA:1,_ZN15set_Erase3_TestD2Ev
FN:165,_ZN15set_Erase3_TestC2Ev
FNDA:1,_ZN15set_Erase3_TestC2Ev
FN:165,_ZN15set_Erase3_TestD0Ev
FNDA:1,_ZN15set_Erase3_TestD0Ev
FN:165,_ZN15set_Erase3_Test8TestBodyEv
FNDA:1,_ZN15set_Erase3_Test8TestBodyEv
FN:177,_ZN15set_Erase4_Test8TestBodyEv
FNDA:1,_ZN15set_Erase4_Test8TestBodyEv
FN:177,_ZN15set_Erase4_TestC2Ev
FNDA:1,_ZN15set_Erase4_TestC2Ev
FN:177,_ZN15set_Erase4_TestD2Ev
FNDA:1,_ZN15set_Erase4_TestD2Ev
FN:177,_ZN15set_Erase4_TestD0Ev
FNDA:1,_ZN15set_Erase4_TestD0Ev
FN:189,_ZN15set_Erase5_TestD2Ev
FNDA:1,_ZN15set_Erase5_TestD2Ev
FN:189,_ZN15set_Erase5_Test8TestBodyEv
FNDA:1,_ZN15set_Erase5_Test8TestBodyEv
FN:189,_ZN15set_Erase5_TestC2Ev
FNDA:1,_ZN15set_Erase5_TestC2Ev
FN:189,_ZN15set_Erase5_TestD0Ev
FNDA:1,_ZN15set_Erase5_TestD0Ev
FN:201,_ZN14set_Throw_TestD2Ev
FNDA:1,_ZN14set_Throw_TestD2Ev
FN:201,_ZN14set_Throw_TestD0Ev
FNDA:1,_ZN14set_Throw_TestD0Ev
FN:201,_ZN14set_Throw_Test8TestBodyEv
FNDA:1,_ZN14set_Throw_Test8TestBodyEv
FN:201,_ZN14set_Throw_TestC2Ev
FNDA:1,_ZN14set_Throw_TestC2Ev
FN:207,_ZN15set_Throw2_Test8TestBodyEv
FNDA:1,_ZN15set_Throw2_Test8TestBodyEv
FN:207,_ZN15set_Throw2_TestC2Ev
FNDA:1,_ZN15set_Throw2_TestC2Ev
FN:207,_ZN15set_Throw2_TestD2Ev
FNDA:1,_ZN15set_Throw2_TestD2Ev
FN:207,_ZN15set_Throw2_TestD0Ev
FNDA:1,_ZN15set_Throw2_TestD0Ev
FN:213,_ZN13set_Swap_TestC2Ev
FNDA:1,_ZN13set_Swap_TestC2Ev
FN:213,_ZN13set_Swap_Test8TestBodyEv
FNDA:1,_ZN13set_Swap_Test8TestBodyEv
FN:213,_ZN13set_Swap_TestD2Ev
FNDA:1,_ZN13set_Swap_TestD2Ev
FN:213,_ZN13set_Swap_TestD0Ev
FNDA:1,_ZN13set_Swap_TestD0Ev
FN:224,_ZN14set_Merge_TestC2Ev
FNDA:1,_ZN14set_Merge_TestC2Ev
FN:224,_ZN14set_Merge_Test8TestBodyEv
FNDA:1,_ZN14set_Merge_Test8TestBodyEv
FN:224,_ZN14set_Merge_TestD2Ev
FNDA:1,_ZN14set_Merge_TestD2Ev
FN:224,_ZN14set_Merge_TestD0Ev
FNDA:1,_ZN14set_Merge_TestD0Ev
FN:241,_ZN13set_Find_TestD2Ev
FNDA:1,_ZN13set_Find_TestD2Ev
FN:241,_ZN13set_Find_TestD0Ev
FNDA:1,_ZN13set_Find_TestD0Ev
FN:241,_ZN13set_Find_Test8TestBodyEv
FNDA:1,_ZN13set_Find_Test8TestBodyEv
FN:241,_ZN13set_Find_TestC2Ev
FNDA:1,_ZN13set_Find_TestC2Ev
FN:249,_ZN14set_Find2_TestD0Ev
FNDA:1,_ZN14set_Find2_TestD0Ev
FN:249,_ZN14set_Find2_TestC2Ev
FNDA:1,_ZN14set_Find2_TestC2Ev
FN:249,_ZN14set_Find2_Test8TestBodyEv
FNDA:1,_ZN14set_Find2_Test8TestBodyEv
FN:249,_ZN14set_Find2_TestD2Ev
FNDA:1,_ZN14set_Find2_TestD2Ev
FN:257,_ZN14set_Find3_TestD0Ev
FNDA:1,_ZN14set_Find3_TestD0Ev
FN:257,_ZN14set_Find3_Test8TestBodyEv
FNDA:1,_ZN14set_Find3_Test8TestBodyEv
FN:257,_ZN14set_Find3_TestD2Ev
FNDA:1,_ZN14set_Find3_TestD2Ev
FN:257,_ZN14set_Find3_TestC2Ev
FNDA:1,_ZN14set_Find3_TestC2Ev
FN:265,_ZN17set_Contains_Test8TestBodyEv
FNDA:1,_ZN17set_Contains_Test8TestBodyEv
FN:265,_ZN17set_Contains_TestD2Ev
FNDA:1,_ZN17set_Contains_TestD2Ev
FN:265,_ZN17set_Contains_TestD0Ev
FNDA:1,_ZN17set_Contains_TestD0Ev
FN:265,_ZN17set_Contains_TestC2Ev
FNDA:1,_ZN17set_Contains_TestC2Ev
DA:9,1
DA:9,1
DA:9,1
DA:9,1
DA:10,1
DA:11,1
DA:12,1
DA:14,1
DA:16,1
DA:18,1
DA:18,1
DA:18,1
DA:18,1
DA:19,1
DA:20,1
DA:21,1
DA:22,1
DA:23,1
DA:24,5
DA:25,4
DA:27,1
DA:29,1
DA:29,1
DA:29,1
DA:29,1
DA:30,1
DA:31,1
DA:32,1
DA:33,1
DA:35,1
DA:35,1
DA:35,1
DA:35,1
DA:36,1
DA:37,1
DA:38,1
DA:39,1
DA:40,1
DA:41,1
DA:42,1
DA:43,6
DA:44,5
DA:46,1
DA:48,1
DA:48,1
DA:48,1
DA:48,1
DA:49,1
DA:50,1
DA:51,1
DA:52,1
DA:53,1
DA:54,1
DA:55,1
DA:56,1
DA:57,6
DA:58,5
DA:60,1
DA:62,1
DA:62,1
DA:62,1
DA:62,1
DA:63,6
DA:64,7
DA:65,1
DA:66,1
DA:67,1
DA:68,1
DA:69,1
DA:70,1
DA:71,1
DA:72,1
DA:73,1
DA:75,1
DA:75,1
DA:75,1
DA:75,1
DA:76,1
DA:77,1
DA:78,1
DA:79,1
DA:80,1
DA:81,1
DA:82,1
DA:83,1
DA:84,1
DA:86,1
DA:86,1
DA:86,1
DA:86,1
DA:87,1
DA:88,1
DA:89,1
DA:90,1
DA:91,1
DA:92,1
DA:93,1
DA:94,1
DA:95,1
DA:96,1
DA:97,1
DA:98,1
DA:99,1
DA:100,1
DA:101,1
DA:103,1
DA:103,1
DA:103,1
DA:103,1
DA:104,6
DA:105,7
DA:106,1
DA:107,1
DA:108,1
DA:109,1
DA:110,1
DA:111,1
DA:112,1
DA:113,1
DA:114,1
DA:116,1
DA:116,1
DA:116,1
DA:116,1
DA:117,1
DA:118,1
DA:119,1
DA:120,1
DA:121,1
DA:123,1
DA:123,1
DA:123,1
DA:123,1
DA:124,1
DA:125,1
DA:126,1
DA:127,1
DA:128,1
DA:129,1
DA:130,8
DA:131,7
DA:133,1
DA:135,1
DA:135,1
DA:135,1
DA:135,1
DA:136,1
DA:137,1
DA:138,1
DA:139,1
DA:140,1
DA:141,1
DA:142,1
DA:143,1
DA:144,1
DA:145,7
DA:146,6
DA:148,1
DA:150,1
DA:150,1
DA:150,1
DA:150,1
DA:151,1
DA:152,1
DA:153,1
DA:154,1
DA:155,1
DA:156,1
DA:157,1
DA:158,1
DA:159,1
DA:160,7
DA:161,6
DA:163,1
DA:165,1
DA:165,1
DA:165,1
DA:165,1
DA:166,1
DA:167,1
DA:168,1
DA:169,1
DA:170,1
DA:171,1
DA:172,7
DA:173,6
DA:175,1
DA:177,1
DA:177,1
DA:177,1
DA:177,1
DA:178,1
DA:179,1
DA:180,1
DA:181,1
DA:182,1
DA:183,1
DA:184,6
DA:185,5
DA:187,1
DA:189,1
DA:189,1
DA:189,1
DA:189,1
DA:190,1
DA:191,1
DA:192,1
DA:193,1
DA:194,1
DA:195,1
DA:196,7
DA:197,6
DA:199,1
DA:201,1
DA:201,1
DA:201,1
DA:201,1
DA:202,1
DA:203,1
DA:204,1
DA:205,1
DA:207,1
DA:207,1
DA:207,1
DA:207,1
DA:208,1
DA:209,1
DA:210,1
DA:211,1
DA:213,1
DA:213,1
DA:213,1
DA:213,1
DA:214,1
DA:215,1
DA:217,1
DA:218,1
DA:219,1
DA:220,1
DA:221,1
DA:222,1
DA:224,1
DA:224,1
DA:224,1
DA:224,1
DA:225,1
DA:226,1
DA:227,1
DA:229,1
DA:230,1
DA:231,1
DA:232,1
DA:233,1
DA:234,5
DA:235,4
DA:237,1
DA:238,1
DA:239,1
DA:241,1
DA:241,1
DA:241,1
DA:241,1
DA:242,1
DA:243,1
DA:244,1
DA:245,1
DA:246,1
DA:247,1
DA:249,1
DA:249,1
DA:249,1
DA:249,1
DA:250,1
DA:251,1
DA:252,1
DA:253,1
DA:254,1
DA:255,1
DA:257,1
DA:257,1
DA:257,1
DA:257,1
DA:258,1
DA:259,1
DA:260,1
DA:261,1
DA:262,1
DA:263,1
DA:265,1
DA:265,1
DA:265,1
DA:265,1
DA:266,1
DA:267,1
DA:268,1
DA:269,1
DA:270,1
end_of_record
TN:s21_containers_test
SF:/home/sonikxx/Desktop/s21/CPP/CPP2_s21_containers-1/src/s21_vector/s21_vector.tpp
FN:7,_ZN3s216VectorIiEC2Ev
FNDA:6,_ZN3s216VectorIiEC2Ev
FN:14,_ZN3s216VectorIiEC2Em
FNDA:2,_ZN3s216VectorIiEC2Em
FN:27,_ZN3s216VectorIiEC2ERKSt16initializer_listIiE
FNDA:28,_ZN3s216VectorIiEC2ERKSt16initializer_listIiE
FN:39,_ZN3s216VectorIiEC2ERKS1_
FNDA:1,_ZN3s216VectorIiEC2ERKS1_
FN:49,_ZN3s216VectorIiEC2EOS1_
FNDA:1,_ZN3s216VectorIiEC2EOS1_
FN:59,_ZN3s216VectorIiED2Ev
FNDA:38,_ZN3s216VectorIiED2Ev
FN:67,_ZN3s216VectorIiEaSEOS1_
FNDA:1,_ZN3s216VectorIiEaSEOS1_
FN:82,_ZN3s216VectorIiE2atEm
FNDA:6,_ZN3s216VectorIiE2atEm
FN:91,_ZN3s216VectorIiEixEm
FNDA:7,_ZN3s216VectorIiEixEm
FN:100,_ZN3s216VectorIiE5frontEv
FNDA:3,_ZN3s216VectorIiE5frontEv
FN:109,_ZN3s216VectorIiE4backEv
FNDA:2,_ZN3s216VectorIiE4backEv
FN:118,_ZN3s216VectorIiE4dataEv
FNDA:5,_ZN3s216VectorIiE4dataEv
FN:124,_ZN3s216VectorIiE5emptyEv
FNDA:2,_ZN3s216VectorIiE5emptyEv
FN:129,_ZN3s216VectorIiE4sizeEv
FNDA:14,_ZN3s216VectorIiE4sizeEv
FN:134,_ZN3s216VectorIiE8max_sizeEv
FNDA:1,_ZN3s216VectorIiE8max_sizeEv
FN:139,_ZN3s216VectorIiE8capacityEv
FNDA:8,_ZN3s216VectorIiE8capacityEv
FN:144,_ZN3s216VectorIiE7reserveEm
FNDA:3,_ZN3s216VectorIiE7reserveEm
FN:157,_ZN3s216VectorIiE13shrink_to_fitEv
FNDA:2,_ZN3s216VectorIiE13shrink_to_fitEv
FN:171,_ZN3s216VectorIiE5clearEv
FNDA:1,_ZN3s216VectorIiE5clearEv
FN:176,_ZN3s216VectorIiE9push_backERKi
FNDA:1,_ZN3s216VectorIiE9push_backERKi
FN:184,_ZN3s216VectorIiE8pop_backEv
FNDA:2,_ZN3s216VectorIiE8pop_backEv
FN:193,_ZN3s216VectorIiE4swapERS1_
FNDA:1,_ZN3s216VectorIiE4swapERS1_
FN:207,_ZN3s216VectorIiE6insertENS1_14VectorIteratorERKi
FNDA:1,_ZN3s216VectorIiE6insertENS1_14VectorIteratorERKi
FN:222,_ZN3s216VectorIiE5eraseENS1_14VectorIteratorE
FNDA:2,_ZN3s216VectorIiE5eraseENS1_14VectorIteratorE
FN:232,_ZN3s216VectorIiE5beginEv
FNDA:6,_ZN3s216VectorIiE5beginEv
FN:237,_ZN3s216VectorIiE3endEv
FNDA:3,_ZN3s216VectorIiE3endEv
FN:242,_ZNK3s216VectorIiE6cbeginEv
FNDA:3,_ZNK3s216VectorIiE6cbeginEv
FN:247,_ZNK3s216VectorIiE4cendEv
FNDA:3,_ZNK3s216VectorIiE4cendEv
DA:7,6
DA:8,6
DA:9,6
DA:10,6
DA:11,6
DA:14,2
DA:15,2
DA:16,1
DA:17,1
DA:18,1
DA:20,1
DA:21,1
DA:22,1
DA:24,2
DA:27,28
DA:28,28
DA:29,28
DA:30,163
DA:31,135
DA:32,135
DA:34,28
DA:35,28
DA:36,28
DA:39,1
DA:40,1
DA:41,1
DA:42,1
DA:43,6
DA:44,5
DA:46,1
DA:49,1
DA:50,1
DA:51,1
DA:52,1
DA:53,1
DA:54,1
DA:55,1
DA:56,1
DA:59,38
DA:60,38
DA:61,38
DA:62,38
DA:63,38
DA:64,38
DA:67,1
DA:68,1
DA:69,1
DA:70,1
DA:71,1
DA:72,1
DA:73,1
DA:74,1
DA:75,1
DA:77,1
DA:82,6
DA:83,6
DA:84,5
DA:86,1
DA:91,7
DA:92,7
DA:93,6
DA:95,1
DA:100,3
DA:101,3
DA:102,2
DA:104,1
DA:109,2
DA:110,2
DA:111,1
DA:113,1
DA:118,5
DA:119,5
DA:124,2
DA:125,2
DA:129,14
DA:130,14
DA:134,1
DA:135,1
DA:139,8
DA:140,8
DA:144,3
DA:145,3
DA:146,3
DA:147,18
DA:148,15
DA:150,3
DA:151,3
DA:152,3
DA:154,3
DA:157,2
DA:158,2
DA:159,2
DA:160,9
DA:161,7
DA:163,2
DA:164,2
DA:165,2
DA:167,2
DA:171,1
DA:172,1
DA:173,1
DA:176,1
DA:177,1
DA:178,1
DA:180,1
DA:181,1
DA:184,2
DA:185,2
DA:186,1
DA:188,1
DA:190,1
DA:193,1
DA:194,1
DA:195,1
DA:196,1
DA:197,1
DA:198,1
DA:199,1
DA:201,1
DA:202,1
DA:203,1
DA:204,1
DA:207,1
DA:209,1
DA:210,1
DA:211,1
DA:213,6
DA:214,5
DA:216,1
DA:217,1
DA:218,1
DA:222,2
DA:223,2
DA:224,9
DA:225,7
DA:227,2
DA:228,2
DA:232,6
DA:233,6
DA:237,3
DA:238,3
DA:242,3
DA:243,3
DA:247,3
DA:248,3
end_of_record
SF:/home/sonikxx/Desktop/s21/CPP/CPP2_s21_containers-1/src/tests/s21_vector_test.cpp
FN:7,_ZN30Vector_DefaultConstructor_TestC2Ev
FNDA:1,_ZN30Vector_DefaultConstructor_TestC2Ev
FN:7,_ZN30Vector_DefaultConstructor_Test8TestBodyEv
FNDA:1,_ZN30Vector_DefaultConstructor_Test8TestBodyEv
FN:7,_ZN30Vector_DefaultConstructor_TestD2Ev
FNDA:1,_ZN30Vector_DefaultConstructor_TestD2Ev
FN:7,_ZN30Vector_DefaultConstructor_TestD0Ev
FNDA:1,_ZN30Vector_DefaultConstructor_TestD0Ev
FN:13,_ZN36Vector_ParameterizedConstructor_TestC2Ev
FNDA:1,_ZN36Vector_ParameterizedConstructor_TestC2Ev
FN:13,_ZN36Vector_ParameterizedConstructor_Test8TestBodyEv
FNDA:1,_ZN36Vector_ParameterizedConstructor_Test8TestBodyEv
FN:13,_ZN36Vector_ParameterizedConstructor_TestD2Ev
FNDA:1,_ZN36Vector_ParameterizedConstructor_TestD2Ev
FN:13,_ZN36Vector_ParameterizedConstructor_TestD0Ev
FNDA:1,_ZN36Vector_ParameterizedConstructor_TestD0Ev
FN:23,_ZN27Vector_CopyConstructor_TestC2Ev
FNDA:1,_ZN27Vector_CopyConstructor_TestC2Ev
FN:23,_ZN27Vector_CopyConstructor_Test8TestBodyEv
FNDA:1,_ZN27Vector_CopyConstructor_Test8TestBodyEv
FN:23,_ZN27Vector_CopyConstructor_TestD0Ev
FNDA:1,_ZN27Vector_CopyConstructor_TestD0Ev
FN:23,_ZN27Vector_CopyConstructor_TestD2Ev
FNDA:1,_ZN27Vector_CopyConstructor_TestD2Ev
FN:29,_ZN27Vector_MoveConstructor_TestC2Ev
FNDA:1,_ZN27Vector_MoveConstructor_TestC2Ev
FN:29,_ZN27Vector_MoveConstructor_Test8TestBodyEv
FNDA:1,_ZN27Vector_MoveConstructor_Test8TestBodyEv
FN:29,_ZN27Vector_MoveConstructor_TestD2Ev
FNDA:1,_ZN27Vector_MoveConstructor_TestD2Ev
FN:29,_ZN27Vector_MoveConstructor_TestD0Ev
FNDA:1,_ZN27Vector_MoveConstructor_TestD0Ev
FN:35,_ZN26Vector_MoveAssignment_Test8TestBodyEv
FNDA:1,_ZN26Vector_MoveAssignment_Test8TestBodyEv
FN:35,_ZN26Vector_MoveAssignment_TestC2Ev
FNDA:1,_ZN26Vector_MoveAssignment_TestC2Ev
FN:35,_ZN26Vector_MoveAssignment_TestD2Ev
FNDA:1,_ZN26Vector_MoveAssignment_TestD2Ev
FN:35,_ZN26Vector_MoveAssignment_TestD0Ev
FNDA:1,_ZN26Vector_MoveAssignment_TestD0Ev
FN:42,_ZN14Vector_At_TestD2Ev
FNDA:1,_ZN14Vector_At_TestD2Ev
FN:42,_ZN14Vector_At_TestC2Ev
FNDA:1,_ZN14Vector_At_TestC2Ev
FN:42,_ZN14Vector_At_Test8TestBodyEv
FNDA:1,_ZN14Vector_At_Test8TestBodyEv
FN:42,_ZN14Vector_At_TestD0Ev
FNDA:1,_ZN14Vector_At_TestD0Ev
FN:53,_ZN34Vector_OperatorSquareBrackets_Test8TestBodyEv
FNDA:1,_ZN34Vector_OperatorSquareBrackets_Test8TestBodyEv
FN:53,_ZN34Vector_OperatorSquareBrackets_TestC2Ev
FNDA:1,_ZN34Vector_OperatorSquareBrackets_TestC2Ev
FN:53,_ZN34Vector_OperatorSquareBrackets_TestD2Ev
FNDA:1,_ZN34Vector_OperatorSquareBrackets_TestD2Ev
FN:53,_ZN34Vector_OperatorSquareBrackets_TestD0Ev
FNDA:1,_ZN34Vector_OperatorSquareBrackets_TestD0Ev
FN:64,_ZN17Vector_Front_TestD2Ev
FNDA:1,_ZN17Vector_Front_TestD2Ev
FN:64,_ZN17Vector_Front_TestC2Ev
FNDA:1,_ZN17Vector_Front_TestC2Ev
FN:64,_ZN17Vector_Front_TestD0Ev
FNDA:1,_ZN17Vector_Front_TestD0Ev
FN:64,_ZN17Vector_Front_Test8TestBodyEv
FNDA:1,_ZN17Vector_Front_Test8TestBodyEv
FN:72,_ZN16Vector_Back_TestD0Ev
FNDA:1,_ZN16Vector_Back_TestD0Ev
FN:72,_ZN16Vector_Back_TestD2Ev
FNDA:1,_ZN16Vector_Back_TestD2Ev
FN:72,_ZN16Vector_Back_Test8TestBodyEv
FNDA:1,_ZN16Vector_Back_Test8TestBodyEv
FN:72,_ZN16Vector_Back_TestC2Ev
FNDA:1,_ZN16Vector_Back_TestC2Ev
FN:80,_ZN16Vector_Data_TestC2Ev
FNDA:1,_ZN16Vector_Data_TestC2Ev
FN:80,_ZN16Vector_Data_TestD0Ev
FNDA:1,_ZN16Vector_Data_TestD0Ev
FN:80,_ZN16Vector_Data_TestD2Ev
FNDA:1,_ZN16Vector_Data_TestD2Ev
FN:80,_ZN16Vector_Data_Test8TestBodyEv
FNDA:1,_ZN16Vector_Data_Test8TestBodyEv
FN:89,_ZN17Vector_Empty_TestC2Ev
FNDA:1,_ZN17Vector_Empty_TestC2Ev
FN:89,_ZN17Vector_Empty_TestD2Ev
FNDA:1,_ZN17Vector_Empty_TestD2Ev
FN:89,_ZN17Vector_Empty_TestD0Ev
FNDA:1,_ZN17Vector_Empty_TestD0Ev
FN:89,_ZN17Vector_Empty_Test8TestBodyEv
FNDA:1,_ZN17Vector_Empty_Test8TestBodyEv
FN:97,_ZN16Vector_Size_Test8TestBodyEv
FNDA:1,_ZN16Vector_Size_Test8TestBodyEv
FN:97,_ZN16Vector_Size_TestC2Ev
FNDA:1,_ZN16Vector_Size_TestC2Ev
FN:97,_ZN16Vector_Size_TestD0Ev
FNDA:1,_ZN16Vector_Size_TestD0Ev
FN:97,_ZN16Vector_Size_TestD2Ev
FNDA:1,_ZN16Vector_Size_TestD2Ev
FN:102,_ZN19Vector_MaxSize_TestC2Ev
FNDA:1,_ZN19Vector_MaxSize_TestC2Ev
FN:102,_ZN19Vector_MaxSize_Test8TestBodyEv
FNDA:1,_ZN19Vector_MaxSize_Test8TestBodyEv
FN:102,_ZN19Vector_MaxSize_TestD0Ev
FNDA:1,_ZN19Vector_MaxSize_TestD0Ev
FN:102,_ZN19Vector_MaxSize_TestD2Ev
FNDA:1,_ZN19Vector_MaxSize_TestD2Ev
FN:107,_ZN19Vector_Reserve_TestC2Ev
FNDA:1,_ZN19Vector_Reserve_TestC2Ev
FN:107,_ZN19Vector_Reserve_Test8TestBodyEv
FNDA:1,_ZN19Vector_Reserve_Test8TestBodyEv
FN:107,_ZN19Vector_Reserve_TestD0Ev
FNDA:1,_ZN19Vector_Reserve_TestD0Ev
FN:107,_ZN19Vector_Reserve_TestD2Ev
FNDA:1,_ZN19Vector_Reserve_TestD2Ev
FN:113,_ZN20Vector_Capacity_TestC2Ev
FNDA:1,_ZN20Vector_Capacity_TestC2Ev
FN:113,_ZN20Vector_Capacity_Test8TestBodyEv
FNDA:1,_ZN20Vector_Capacity_Test8TestBodyEv
FN:113,_ZN20Vector_Capacity_TestD2Ev
FNDA:1,_ZN20Vector_Capacity_TestD2Ev
FN:113,_ZN20Vector_Capacity_TestD0Ev
FNDA:1,_ZN20Vector_Capacity_TestD0Ev
FN:118,_ZN17Vector_Clear_TestD0Ev
FNDA:1,_ZN17Vector_Clear_TestD0Ev
FN:118,_ZN17Vector_Clear_TestC2Ev
FNDA:1,_ZN17Vector_Clear_TestC2Ev
FN:118,_ZN17Vector_Clear_Test8TestBodyEv
FNDA:1,_ZN17Vector_Clear_Test8TestBodyEv
FN:118,_ZN17Vector_Clear_TestD2Ev
FNDA:1,_ZN17Vector_Clear_TestD2Ev
FN:124,_ZN18Vector_Insert_TestD2Ev
FNDA:1,_ZN18Vector_Insert_TestD2Ev
FN:124,_ZN18Vector_Insert_TestD0Ev
FNDA:1,_ZN18Vector_Insert_TestD0Ev
FN:124,_ZN18Vector_Insert_Test8TestBodyEv
FNDA:1,_ZN18Vector_Insert_Test8TestBodyEv
FN:124,_ZN18Vector_Insert_TestC2Ev
FNDA:1,_ZN18Vector_Insert_TestC2Ev
FN:133,_ZN17Vector_Erase_TestD0Ev
FNDA:1,_ZN17Vector_Erase_TestD0Ev
FN:133,_ZN17Vector_Erase_TestD2Ev
FNDA:1,_ZN17Vector_Erase_TestD2Ev
FN:133,_ZN17Vector_Erase_Test8TestBodyEv
FNDA:1,_ZN17Vector_Erase_Test8TestBodyEv
FN:133,_ZN17Vector_Erase_TestC2Ev
FNDA:1,_ZN17Vector_Erase_TestC2Ev
FN:146,_ZN20Vector_PushBack_TestD0Ev
FNDA:1,_ZN20Vector_PushBack_TestD0Ev
FN:146,_ZN20Vector_PushBack_TestD2Ev
FNDA:1,_ZN20Vector_PushBack_TestD2Ev
FN:146,_ZN20Vector_PushBack_Test8TestBodyEv
FNDA:1,_ZN20Vector_PushBack_Test8TestBodyEv
FN:146,_ZN20Vector_PushBack_TestC2Ev
FNDA:1,_ZN20Vector_PushBack_TestC2Ev
FN:152,_ZN19Vector_PopBack_TestC2Ev
FNDA:1,_ZN19Vector_PopBack_TestC2Ev
FN:152,_ZN19Vector_PopBack_Test8TestBodyEv
FNDA:1,_ZN19Vector_PopBack_Test8TestBodyEv
FN:152,_ZN19Vector_PopBack_TestD2Ev
FNDA:1,_ZN19Vector_PopBack_TestD2Ev
FN:152,_ZN19Vector_PopBack_TestD0Ev
FNDA:1,_ZN19Vector_PopBack_TestD0Ev
FN:161,_ZN16Vector_Swap_Test8TestBodyEv
FNDA:1,_ZN16Vector_Swap_Test8TestBodyEv
FN:161,_ZN16Vector_Swap_TestD2Ev
FNDA:1,_ZN16Vector_Swap_TestD2Ev
FN:161,_ZN16Vector_Swap_TestD0Ev
FNDA:1,_ZN16Vector_Swap_TestD0Ev
FN:161,_ZN16Vector_Swap_TestC2Ev
FNDA:1,_ZN16Vector_Swap_TestC2Ev
FN:170,_ZN17Vector_Begin_TestD2Ev
FNDA:1,_ZN17Vector_Begin_TestD2Ev
FN:170,_ZN17Vector_Begin_TestD0Ev
FNDA:1,_ZN17Vector_Begin_TestD0Ev
FN:170,_ZN17Vector_Begin_TestC2Ev
FNDA:1,_ZN17Vector_Begin_TestC2Ev
FN:170,_ZN17Vector_Begin_Test8TestBodyEv
FNDA:1,_ZN17Vector_Begin_Test8TestBodyEv
FN:175,_ZN15Vector_End_TestD2Ev
FNDA:1,_ZN15Vector_End_TestD2Ev
FN:175,_ZN15Vector_End_TestD0Ev
FNDA:1,_ZN15Vector_End_TestD0Ev
FN:175,_ZN15Vector_End_TestC2Ev
FNDA:1,_ZN15Vector_End_TestC2Ev
FN:175,_ZN15Vector_End_Test8TestBodyEv
FNDA:1,_ZN15Vector_End_Test8TestBodyEv
FN:180,_ZN18Vector_CBegin_TestD0Ev
FNDA:1,_ZN18Vector_CBegin_TestD0Ev
FN:180,_ZN18Vector_CBegin_Test8TestBodyEv
FNDA:1,_ZN18Vector_CBegin_Test8TestBodyEv
FN:180,_ZN18Vector_CBegin_TestC2Ev
FNDA:1,_ZN18Vector_CBegin_TestC2Ev
FN:180,_ZN18Vector_CBegin_TestD2Ev
FNDA:1,_ZN18Vector_CBegin_TestD2Ev
FN:185,_ZN16Vector_CEnd_TestD2Ev
FNDA:1,_ZN16Vector_CEnd_TestD2Ev
FN:185,_ZN16Vector_CEnd_TestC2Ev
FNDA:1,_ZN16Vector_CEnd_TestC2Ev
FN:185,_ZN16Vector_CEnd_TestD0Ev
FNDA:1,_ZN16Vector_CEnd_TestD0Ev
FN:185,_ZN16Vector_CEnd_Test8TestBodyEv
FNDA:1,_ZN16Vector_CEnd_Test8TestBodyEv
FN:190,_ZN24Vector_OperatorPlus_Test8TestBodyEv
FNDA:1,_ZN24Vector_OperatorPlus_Test8TestBodyEv
FN:190,_ZN24Vector_OperatorPlus_TestC2Ev
FNDA:1,_ZN24Vector_OperatorPlus_TestC2Ev
FN:190,_ZN24Vector_OperatorPlus_TestD0Ev
FNDA:1,_ZN24Vector_OperatorPlus_TestD0Ev
FN:190,_ZN24Vector_OperatorPlus_TestD2Ev
FNDA:1,_ZN24Vector_OperatorPlus_TestD2Ev
FN:197,_ZN25Vector_OperatorEqual_TestD2Ev
FNDA:1,_ZN25Vector_OperatorEqual_TestD2Ev
FN:197,_ZN25Vector_OperatorEqual_TestC2Ev
FNDA:1,_ZN25Vector_OperatorEqual_TestC2Ev
FN:197,_ZN25Vector_OperatorEqual_TestD0Ev
FNDA:1,_ZN25Vector_OperatorEqual_TestD0Ev
FN:197,_ZN25Vector_OperatorEqual_Test8TestBodyEv
FNDA:1,_ZN25Vector_OperatorEqual_Test8TestBodyEv
FN:206,_ZN29Vector_ConstOperatorPlus_TestD0Ev
FNDA:1,_ZN29Vector_ConstOperatorPlus_TestD0Ev
FN:206,_ZN29Vector_ConstOperatorPlus_TestD2Ev
FNDA:1,_ZN29Vector_ConstOperatorPlus_TestD2Ev
FN:206,_ZN29Vector_ConstOperatorPlus_Test8TestBodyEv
FNDA:1,_ZN29Vector_ConstOperatorPlus_Test8TestBodyEv
FN:206,_ZN29Vector_ConstOperatorPlus_TestC2Ev
FNDA:1,_ZN29Vector_ConstOperatorPlus_TestC2Ev
FN:213,_ZN30Vector_ConstOperatorEqual_TestD0Ev
FNDA:1,_ZN30Vector_ConstOperatorEqual_TestD0Ev
FN:213,_ZN30Vector_ConstOperatorEqual_TestC2Ev
FNDA:1,_ZN30Vector_ConstOperatorEqual_TestC2Ev
FN:213,_ZN30Vector_ConstOperatorEqual_TestD2Ev
FNDA:1,_ZN30Vector_ConstOperatorEqual_TestD2Ev
FN:213,_ZN30Vector_ConstOperatorEqual_Test8TestBodyEv
FNDA:1,_ZN30Vector_ConstOperatorEqual_Test8TestBodyEv
DA:7,1
DA:7,1
DA:7,1
DA:7,1
DA:8,1
DA:9,1
DA:10,1
DA:11,1
DA:13,1
DA:13,1
DA:13,1
DA:13,1
DA:14,1
DA:15,1
DA:16,1
DA:18,2
DA:19,1
DA:20,1
DA:21,1
DA:23,1
DA:23,1
DA:23,1
DA:23,1
DA:24,1
DA:25,1
DA:26,1
DA:27,1
DA:29,1
DA:29,1
DA:29,1
DA:29,1
DA:30,1
DA:31,1
DA:32,1
DA:33,1
DA:35,1
DA:35,1
DA:35,1
DA:35,1
DA:36,1
DA:37,1
DA:38,1
DA:39,1
DA:40,1
DA:42,1
DA:42,1
DA:42,1
DA:42,1
DA:43,1
DA:44,1
DA:45,1
DA:46,1
DA:47,1
DA:48,1
DA:50,1
DA:51,1
DA:53,1
DA:53,1
DA:53,1
DA:53,1
DA:54,1
DA:55,1
DA:56,1
DA:57,1
DA:58,1
DA:59,1
DA:61,1
DA:62,1
DA:64,1
DA:64,1
DA:64,1
DA:64,1
DA:65,1
DA:66,1
DA:68,2
DA:69,1
DA:70,1
DA:72,1
DA:72,1
DA:72,1
DA:72,1
DA:73,1
DA:74,1
DA:76,2
DA:77,1
DA:78,1
DA:80,1
DA:80,1
DA:80,1
DA:80,1
DA:81,1
DA:82,1
DA:83,1
DA:84,1
DA:85,1
DA:86,1
DA:87,1
DA:89,1
DA:89,1
DA:89,1
DA:89,1
DA:90,1
DA:91,1
DA:93,2
DA:94,1
DA:95,1
DA:97,1
DA:97,1
DA:97,1
DA:97,1
DA:98,1
DA:99,1
DA:100,1
DA:102,1
DA:102,1
DA:102,1
DA:102,1
DA:103,1
DA:104,1
DA:105,1
DA:107,1
DA:107,1
DA:107,1
DA:107,1
DA:108,1
DA:109,1
DA:110,1
DA:111,1
DA:113,1
DA:113,1
DA:113,1
DA:113,1
DA:114,1
DA:115,1
DA:116,1
DA:118,1
DA:118,1
DA:118,1
DA:118,1
DA:119,1
DA:120,1
DA:121,1
DA:122,1
DA:124,1
DA:124,1
DA:124,1
DA:124,1
DA:125,1
DA:126,1
DA:127,1
DA:128,1
DA:129,1
DA:130,1
DA:131,1
DA:133,1
DA:133,1
DA:133,1
DA:133,1
DA:134,1
DA:135,1
DA:136,1
DA:137,1
DA:139,1
DA:140,1
DA:141,1
DA:142,1
DA:143,1
DA:144,1
DA:146,1
DA:146,1
DA:146,1
DA:146,1
DA:147,1
DA:148,1
DA:149,1
DA:150,1
DA:152,1
DA:152,1
DA:152,1
DA:152,1
DA:153,1
DA:154,1
DA:155,1
DA:157,2
DA:158,1
DA:159,1
DA:161,1
DA:161,1
DA:161,1
DA:161,1
DA:162,1
DA:163,1
DA:164,1
DA:165,1
DA:166,1
DA:167,1
DA:170,1
DA:170,1
DA:170,1
DA:170,1
DA:171,1
DA:172,1
DA:173,1
DA:175,1
DA:175,1
DA:175,1
DA:175,1
DA:176,1
DA:177,1
DA:178,1
DA:180,1
DA:180,1
DA:180,1
DA:180,1
DA:181,1
DA:182,1
DA:183,1
DA:185,1
DA:185,1
DA:185,1
DA:185,1
DA:186,1
DA:187,1
DA:188,1
DA:190,1
DA:190,1
DA:190,1
DA:190,1
DA:191,1
DA:192,1
DA:193,1
DA:194,1
DA:195,1
DA:197,1
DA:197,1
DA:197,1
DA:197,1
DA:198,1
DA:199,1
DA:200,1
DA:201,1
DA:203,1
DA:204,1
DA:206,1
DA:206,1
DA:206,1
DA:206,1
DA:207,1
DA:208,1
DA:209,1
DA:210,1
DA:211,1
DA:213,1
DA:213,1
DA:213,1
DA:213,1
DA:214,1
DA:215,1
DA:216,1
DA:217,1
DA:219,1
DA:220,1
end_of_record
SF:/home/sonikxx/Desktop/s21/CPP/CPP2_s21_containers-1/src/s21_vector/s21_vector_iterators.tpp
FN:7,_ZN3s216VectorIiE14VectorIteratorC2EPi
FNDA:10,_ZN3s216VectorIiE14VectorIteratorC2EPi
FN:12,_ZN3s216VectorIiE14VectorIteratordeEv
FNDA:6,_ZN3s216VectorIiE14VectorIteratordeEv
FN:17,_ZN3s216VectorIiE14VectorIteratorppEv
FNDA:2,_ZN3s216VectorIiE14VectorIteratorppEv
FN:23,_ZN3s216VectorIiE14VectorIteratormmEv
FNDA:1,_ZN3s216VectorIiE14VectorIteratormmEv
FN:29,_ZN3s216VectorIiE14VectorIteratoreqERKS2_
FNDA:1,_ZN3s216VectorIiE14VectorIteratoreqERKS2_
FN:34,_ZN3s216VectorIiE14VectorIteratorneERKS2_
FNDA:1,_ZN3s216VectorIiE14VectorIteratorneERKS2_
FN:40,_ZN3s216VectorIiE19VectorConstIteratorC2EPKi
FNDA:6,_ZN3s216VectorIiE19VectorConstIteratorC2EPKi
FN:45,_ZN3s216VectorIiE19VectorConstIteratordeEv
FNDA:3,_ZN3s216VectorIiE19VectorConstIteratordeEv
FN:51,_ZN3s216VectorIiE19VectorConstIteratorppEv
FNDA:2,_ZN3s216VectorIiE19VectorConstIteratorppEv
FN:58,_ZN3s216VectorIiE19VectorConstIteratormmEv
FNDA:1,_ZN3s216VectorIiE19VectorConstIteratormmEv
FN:64,_ZNK3s216VectorIiE19VectorConstIteratoreqERKS2_
FNDA:1,_ZNK3s216VectorIiE19VectorConstIteratoreqERKS2_
FN:70,_ZNK3s216VectorIiE19VectorConstIteratorneERKS2_
FNDA:1,_ZNK3s216VectorIiE19VectorConstIteratorneERKS2_
DA:7,10
DA:8,10
DA:9,10
DA:12,6
DA:13,6
DA:17,2
DA:18,2
DA:19,2
DA:23,1
DA:24,1
DA:25,1
DA:29,1
DA:30,1
DA:34,1
DA:35,1
DA:40,6
DA:41,6
DA:42,6
DA:45,3
DA:46,3
DA:51,2
DA:52,2
DA:53,2
DA:58,1
DA:59,1
DA:60,1
DA:64,1
DA:66,1
DA:70,1
DA:72,1
end_of_record
TN:s21_containers_test
SF:/home/sonikxx/Desktop/s21/CPP/CPP2_s21_containers-1/src/tests/s21_stack_test.cpp
FN:7,_ZN29Stack_DefaultConstructor_TestC2Ev
FNDA:1,_ZN29Stack_DefaultConstructor_TestC2Ev
FN:7,_ZN29Stack_DefaultConstructor_Test8TestBodyEv
FNDA:1,_ZN29Stack_DefaultConstructor_Test8TestBodyEv
FN:7,_ZN29Stack_DefaultConstructor_TestD2Ev
FNDA:1,_ZN29Stack_DefaultConstructor_TestD2Ev
FN:7,_ZN29Stack_DefaultConstructor_TestD0Ev
FNDA:1,_ZN29Stack_DefaultConstructor_TestD0Ev
FN:12,_ZN18Stack_PushPop_TestC2Ev
FNDA:1,_ZN18Stack_PushPop_TestC2Ev
FN:12,_ZN18Stack_PushPop_Test8TestBodyEv
FNDA:1,_ZN18Stack_PushPop_Test8TestBodyEv
FN:12,_ZN18Stack_PushPop_TestD2Ev
FNDA:1,_ZN18Stack_PushPop_TestD2Ev
FN:12,_ZN18Stack_PushPop_TestD0Ev
FNDA:1,_ZN18Stack_PushPop_TestD0Ev
FN:30,_ZN15Stack_Size_TestC2Ev
FNDA:1,_ZN15Stack_Size_TestC2Ev
FN:30,_ZN15Stack_Size_Test8TestBodyEv
FNDA:1,_ZN15Stack_Size_Test8TestBodyEv
FN:30,_ZN15Stack_Size_TestD0Ev
FNDA:1,_ZN15Stack_Size_TestD0Ev
FN:30,_ZN15Stack_Size_TestD2Ev
FNDA:1,_ZN15Stack_Size_TestD2Ev
FN:38,_ZN26Stack_InitializerList_TestC2Ev
FNDA:1,_ZN26Stack_InitializerList_TestC2Ev
FN:38,_ZN26Stack_InitializerList_Test8TestBodyEv
FNDA:1,_ZN26Stack_InitializerList_Test8TestBodyEv
FN:38,_ZN26Stack_InitializerList_TestD0Ev
FNDA:1,_ZN26Stack_InitializerList_TestD0Ev
FN:38,_ZN26Stack_InitializerList_TestD2Ev
FNDA:1,_ZN26Stack_InitializerList_TestD2Ev
FN:46,_ZN26Stack_MoveConstructor_TestD2Ev
FNDA:1,_ZN26Stack_MoveConstructor_TestD2Ev
FN:46,_ZN26Stack_MoveConstructor_Test8TestBodyEv
FNDA:1,_ZN26Stack_MoveConstructor_Test8TestBodyEv
FN:46,_ZN26Stack_MoveConstructor_TestD0Ev
FNDA:1,_ZN26Stack_MoveConstructor_TestD0Ev
FN:46,_ZN26Stack_MoveConstructor_TestC2Ev
FNDA:1,_ZN26Stack_MoveConstructor_TestC2Ev
FN:55,_ZN25Stack_MoveAssignment_TestD0Ev
FNDA:1,_ZN25Stack_MoveAssignment_TestD0Ev
FN:55,_ZN25Stack_MoveAssignment_TestD2Ev
FNDA:1,_ZN25Stack_MoveAssignment_TestD2Ev
FN:55,_ZN25Stack_MoveAssignment_TestC2Ev
FNDA:1,_ZN25Stack_MoveAssignment_TestC2Ev
FN:55,_ZN25Stack_MoveAssignment_Test8TestBodyEv
FNDA:1,_ZN25Stack_MoveAssignment_Test8TestBodyEv
FN:65,_ZN26Stack_CopyConstructor_TestD0Ev
FNDA:1,_ZN26Stack_CopyConstructor_TestD0Ev
FN:65,_ZN26Stack_CopyConstructor_TestD2Ev
FNDA:1,_ZN26Stack_CopyConstructor_TestD2Ev
FN:65,_ZN26Stack_CopyConstructor_TestC2Ev
FNDA:1,_ZN26Stack_CopyConstructor_TestC2Ev
FN:65,_ZN26Stack_CopyConstructor_Test8TestBodyEv
FNDA:1,_ZN26Stack_CopyConstructor_Test8TestBodyEv
FN:79,_ZN25Stack_CopyAssignment_TestD0Ev
FNDA:1,_ZN25Stack_CopyAssignment_TestD0Ev
FN:79,_ZN25Stack_CopyAssignment_Test8TestBodyEv
FNDA:1,_ZN25Stack_CopyAssignment_Test8TestBodyEv
FN:79,_ZN25Stack_CopyAssignment_TestD2Ev
FNDA:1,_ZN25Stack_CopyAssignment_TestD2Ev
FN:79,_ZN25Stack_CopyAssignment_TestC2Ev
FNDA:1,_ZN25Stack_CopyAssignment_TestC2Ev
FN:88,_ZN15Stack_Swap_Test8TestBodyEv
FNDA:1,_ZN15Stack_Swap_Test8TestBodyEv
FN:88,_ZN15Stack_Swap_TestD2Ev
FNDA:1,_ZN15Stack_Swap_TestD2Ev
FN:88,_ZN15Stack_Swap_TestD0Ev
FNDA:1,_ZN15Stack_Swap_TestD0Ev
FN:88,_ZN15Stack_Swap_TestC2Ev
FNDA:1,_ZN15Stack_Swap_TestC2Ev
FN:102,_ZN16Stack_Empty_Test8TestBodyEv
FNDA:1,_ZN16Stack_Empty_Test8TestBodyEv
FN:102,_ZN16Stack_Empty_TestD2Ev
FNDA:1,_ZN16Stack_Empty_TestD2Ev
FN:102,_ZN16Stack_Empty_TestD0Ev
FNDA:1,_ZN16Stack_Empty_TestD0Ev
FN:102,_ZN16Stack_Empty_TestC2Ev
FNDA:1,_ZN16Stack_Empty_TestC2Ev
DA:7,1
DA:7,1
DA:7,1
DA:7,1
DA:8,1
DA:9,1
DA:10,1
DA:12,1
DA:12,1
DA:12,1
DA:12,1
DA:13,1
DA:14,1
DA:15,1
DA:16,1
DA:17,1
DA:18,1
DA:19,1
DA:20,1
DA:21,1
DA:22,1
DA:23,1
DA:24,1
DA:26,1
DA:27,1
DA:28,1
DA:30,1
DA:30,1
DA:30,1
DA:30,1
DA:31,1
DA:32,1
DA:33,1
DA:34,1
DA:35,1
DA:36,1
DA:38,1
DA:38,1
DA:38,1
DA:38,1
DA:39,1
DA:40,1
DA:42,1
DA:43,1
DA:44,1
DA:45,1
DA:46,1
DA:46,1
DA:46,1
DA:46,1
DA:47,1
DA:48,1
DA:49,1
DA:50,1
DA:51,1
DA:52,1
DA:53,1
DA:55,1
DA:55,1
DA:55,1
DA:55,1
DA:56,1
DA:57,1
DA:58,1
DA:59,1
DA:60,1
DA:61,1
DA:62,1
DA:63,1
DA:65,1
DA:65,1
DA:65,1
DA:65,1
DA:66,1
DA:67,1
DA:68,1
DA:69,1
DA:70,1
DA:71,1
DA:73,1
DA:74,1
DA:75,1
DA:76,1
DA:77,1
DA:79,1
DA:79,1
DA:79,1
DA:79,1
DA:80,1
DA:81,1
DA:82,1
DA:83,1
DA:84,1
DA:85,1
DA:86,1
DA:88,1
DA:88,1
DA:88,1
DA:88,1
DA:89,1
DA:90,1
DA:91,1
DA:92,1
DA:93,1
DA:94,1
DA:95,1
DA:96,1
DA:97,1
DA:98,1
DA:99,1
DA:100,1
DA:102,1
DA:102,1
DA:102,1
DA:102,1
DA:103,1
DA:104,1
DA:105,1
DA:106,1
DA:107,1
end_of_record
SF:/home/sonikxx/Desktop/s21/CPP/CPP2_s21_containers-1/src/s21_queue/queue_node.tpp
FN:9,_ZN4NodeIiEC2Ei
FNDA:0,_ZN4NodeIiEC2Ei
DA:9,0
end_of_record
SF:/home/sonikxx/Desktop/s21/CPP/CPP2_s21_containers-1/src/s21_stack/s21_stack.tpp
FN:7,_ZN3s215StackIiEC2Ev
FNDA:13,_ZN3s215StackIiEC2Ev
FN:12,_ZN3s215StackIiEC2ERKSt16initializer_listIiE
FNDA:1,_ZN3s215StackIiEC2ERKSt16initializer_listIiE
FN:22,_ZN3s215StackIiEC2ERKS1_
FNDA:3,_ZN3s215StackIiEC2ERKS1_
FN:39,_ZN3s215StackIiEC2EOS1_
FNDA:1,_ZN3s215StackIiEC2EOS1_
FN:45,_ZN3s215StackIiED2Ev
FNDA:18,_ZN3s215StackIiED2Ev
FN:54,_ZN3s215StackIiEaSEOS1_
FNDA:1,_ZN3s215StackIiEaSEOS1_
FN:65,_ZN3s215StackIiE3topEv
FNDA:11,_ZN3s215StackIiE3topEv
FN:74,_ZN3s215StackIiE5emptyEv
FNDA:7,_ZN3s215StackIiE5emptyEv
FN:83,_ZN3s215StackIiE4sizeEv
FNDA:1,_ZN3s215StackIiE4sizeEv
FN:95,_ZN3s215StackIiE4pushERKi
FNDA:25,_ZN3s215StackIiE4pushERKi
FN:106,_ZN3s215StackIiE3popEv
FNDA:4,_ZN3s215StackIiE3popEv
FN:116,_ZN3s215StackIiE4swapERS1_
FNDA:1,_ZN3s215StackIiE4swapERS1_
DA:7,13
DA:8,13
DA:9,13
DA:12,1
DA:13,1
DA:14,3
DA:15,2
DA:16,2
DA:17,2
DA:19,1
DA:22,3
DA:23,3
DA:24,1
DA:26,2
DA:27,2
DA:28,2
DA:29,2
DA:30,6
DA:31,4
DA:32,4
DA:33,4
DA:36,3
DA:39,1
DA:40,1
DA:41,1
DA:42,1
DA:45,18
DA:46,49
DA:47,31
DA:48,31
DA:49,31
DA:51,18
DA:54,1
DA:55,1
DA:56,1
DA:57,1
DA:60,1
DA:65,11
DA:66,11
DA:67,1
DA:69,10
DA:74,7
DA:75,7
DA:76,5
DA:78,2
DA:83,1
DA:84,1
DA:85,1
DA:86,4
DA:87,3
DA:88,3
DA:90,1
DA:95,25
DA:96,25
DA:97,9
DA:99,16
DA:100,16
DA:101,16
DA:103,25
DA:106,4
DA:107,4
DA:108,1
DA:110,3
DA:111,3
DA:112,3
DA:113,3
DA:116,1
DA:117,1
DA:118,1
DA:119,1
DA:120,1
end_of_record
